0 info it worked if it ends with ok
1 verbose cli [ '/usr/bin/node', '/usr/bin/npm', 'i', 'express' ]
2 info using npm@3.5.2
3 info using node@v6.11.4
4 silly loadCurrentTree Starting
5 silly install loadCurrentTree
6 silly install readLocalPackageData
7 silly fetchPackageMetaData express
8 silly fetchNamedPackageData express
9 silly mapToRegistry name express
10 silly mapToRegistry using default registry
11 silly mapToRegistry registry https://registry.npmjs.org/
12 silly mapToRegistry uri https://registry.npmjs.org/express
13 verbose request uri https://registry.npmjs.org/express
14 verbose request no auth needed
15 info attempt registry request try #1 at 7:30:25 PM
16 verbose request id 542f7cc2c8270faa
17 verbose etag "5aa89018-94e9d"
18 verbose lastModified Wed, 14 Mar 2018 2:59:36 GMT
19 http request GET https://registry.npmjs.org/express
20 http 304 https://registry.npmjs.org/express
21 verbose headers { date: 'Thu, 15 Mar 2018 02:30:25 GMT',
21 verbose headers   via: '1.1 varnish',
21 verbose headers   'cache-control': 'max-age=300',
21 verbose headers   etag: '"5aa89018-94e9d"',
21 verbose headers   age: '12295',
21 verbose headers   connection: 'keep-alive',
21 verbose headers   'x-served-by': 'cache-hnd18733-HND',
21 verbose headers   'x-cache': 'HIT',
21 verbose headers   'x-cache-hits': '37',
21 verbose headers   'x-timer': 'S1521081026.689513,VS0,VE0',
21 verbose headers   vary: 'Accept-Encoding, Accept' }
22 silly get cb [ 304,
22 silly get   { date: 'Thu, 15 Mar 2018 02:30:25 GMT',
22 silly get     via: '1.1 varnish',
22 silly get     'cache-control': 'max-age=300',
22 silly get     etag: '"5aa89018-94e9d"',
22 silly get     age: '12295',
22 silly get     connection: 'keep-alive',
22 silly get     'x-served-by': 'cache-hnd18733-HND',
22 silly get     'x-cache': 'HIT',
22 silly get     'x-cache-hits': '37',
22 silly get     'x-timer': 'S1521081026.689513,VS0,VE0',
22 silly get     vary: 'Accept-Encoding, Accept' } ]
23 verbose etag https://registry.npmjs.org/express from cache
24 verbose get saving express to /root/.npm/registry.npmjs.org/express/.cache.json
25 silly install normalizeTree
26 silly loadCurrentTree Finishing
27 silly loadIdealTree Starting
28 silly install loadIdealTree
29 silly cloneCurrentTree Starting
30 silly install cloneCurrentTreeToIdealTree
31 silly cloneCurrentTree Finishing
32 silly loadShrinkwrap Starting
33 silly install loadShrinkwrap
34 silly loadShrinkwrap Finishing
35 silly loadAllDepsIntoIdealTree Starting
36 silly install loadAllDepsIntoIdealTree
37 silly resolveWithNewModule express@4.16.3 checking installable status
38 silly cache add args [ 'express', null ]
39 verbose cache add spec express
40 silly cache add parsed spec Result {
40 silly cache add   raw: 'express',
40 silly cache add   scope: null,
40 silly cache add   name: 'express',
40 silly cache add   rawSpec: '',
40 silly cache add   spec: 'latest',
40 silly cache add   type: 'tag' }
41 silly addNamed express@latest
42 verbose addNamed "latest" is being treated as a dist-tag for express
43 info addNameTag [ 'express', 'latest' ]
44 silly mapToRegistry name express
45 silly mapToRegistry using default registry
46 silly mapToRegistry registry https://registry.npmjs.org/
47 silly mapToRegistry uri https://registry.npmjs.org/express
48 verbose addNameTag registry:https://registry.npmjs.org/express not in flight; fetching
49 verbose get https://registry.npmjs.org/express not expired, no request
50 silly addNameTag next cb for express with tag latest
51 silly addNamed express@4.16.3
52 verbose addNamed "4.16.3" is a plain semver version for express
53 silly cache afterAdd express@4.16.3
54 verbose afterAdd /root/.npm/express/4.16.3/package/package.json not in flight; writing
55 verbose afterAdd /root/.npm/express/4.16.3/package/package.json written
56 silly fetchNamedPackageData body-parser
57 silly mapToRegistry name body-parser
58 silly mapToRegistry using default registry
59 silly mapToRegistry registry https://registry.npmjs.org/
60 silly mapToRegistry uri https://registry.npmjs.org/body-parser
61 silly fetchNamedPackageData finalhandler
62 silly mapToRegistry name finalhandler
63 silly mapToRegistry using default registry
64 silly mapToRegistry registry https://registry.npmjs.org/
65 silly mapToRegistry uri https://registry.npmjs.org/finalhandler
66 silly fetchNamedPackageData send
67 silly mapToRegistry name send
68 silly mapToRegistry using default registry
69 silly mapToRegistry registry https://registry.npmjs.org/
70 silly mapToRegistry uri https://registry.npmjs.org/send
71 silly fetchNamedPackageData serve-static
72 silly mapToRegistry name serve-static
73 silly mapToRegistry using default registry
74 silly mapToRegistry registry https://registry.npmjs.org/
75 silly mapToRegistry uri https://registry.npmjs.org/serve-static
76 silly fetchNamedPackageData type-is
77 silly mapToRegistry name type-is
78 silly mapToRegistry using default registry
79 silly mapToRegistry registry https://registry.npmjs.org/
80 silly mapToRegistry uri https://registry.npmjs.org/type-is
81 silly fetchNamedPackageData utils-merge
82 silly mapToRegistry name utils-merge
83 silly mapToRegistry using default registry
84 silly mapToRegistry registry https://registry.npmjs.org/
85 silly mapToRegistry uri https://registry.npmjs.org/utils-merge
86 silly fetchNamedPackageData vary
87 silly mapToRegistry name vary
88 silly mapToRegistry using default registry
89 silly mapToRegistry registry https://registry.npmjs.org/
90 silly mapToRegistry uri https://registry.npmjs.org/vary
91 verbose request uri https://registry.npmjs.org/body-parser
92 verbose request no auth needed
93 info attempt registry request try #1 at 7:30:26 PM
94 verbose etag "5aa7309a-237b7"
95 verbose lastModified Tue, 13 Mar 2018 1:59:54 GMT
96 http request GET https://registry.npmjs.org/body-parser
97 verbose request uri https://registry.npmjs.org/finalhandler
98 verbose request no auth needed
99 info attempt registry request try #1 at 7:30:26 PM
100 verbose etag "5a9ed1ac-c267"
101 verbose lastModified Tue, 6 Mar 2018 17:36:44 GMT
102 http request GET https://registry.npmjs.org/finalhandler
103 verbose request uri https://registry.npmjs.org/send
104 verbose request no auth needed
105 info attempt registry request try #1 at 7:30:26 PM
106 verbose etag "5a7b28b3-183d6"
107 verbose lastModified Wed, 7 Feb 2018 16:26:27 GMT
108 http request GET https://registry.npmjs.org/send
109 verbose request uri https://registry.npmjs.org/serve-static
110 verbose request no auth needed
111 info attempt registry request try #1 at 7:30:26 PM
112 verbose etag "5aa6fcc2-186ee"
113 verbose lastModified Mon, 12 Mar 2018 22:18:42 GMT
114 http request GET https://registry.npmjs.org/serve-static
115 verbose request uri https://registry.npmjs.org/type-is
116 verbose request no auth needed
117 info attempt registry request try #1 at 7:30:26 PM
118 verbose etag "5aa86dcc-f5cf"
119 verbose lastModified Wed, 14 Mar 2018 0:33:16 GMT
120 http request GET https://registry.npmjs.org/type-is
121 verbose request uri https://registry.npmjs.org/utils-merge
122 verbose request no auth needed
123 info attempt registry request try #1 at 7:30:26 PM
124 verbose etag "59c1b3df-125f"
125 verbose lastModified Wed, 20 Sep 2017 0:18:39 GMT
126 http request GET https://registry.npmjs.org/utils-merge
127 verbose request uri https://registry.npmjs.org/vary
128 verbose request no auth needed
129 info attempt registry request try #1 at 7:30:26 PM
130 verbose etag "59db16b4-363c"
131 verbose lastModified Mon, 9 Oct 2017 6:27:00 GMT
132 http request GET https://registry.npmjs.org/vary
133 http 304 https://registry.npmjs.org/body-parser
134 verbose headers { date: 'Thu, 15 Mar 2018 02:30:26 GMT',
134 verbose headers   via: '1.1 varnish',
134 verbose headers   'cache-control': 'max-age=300',
134 verbose headers   etag: '"5aa7309a-237b7"',
134 verbose headers   age: '1353',
134 verbose headers   connection: 'keep-alive',
134 verbose headers   'x-served-by': 'cache-hnd18733-HND',
134 verbose headers   'x-cache': 'HIT',
134 verbose headers   'x-cache-hits': '9',
134 verbose headers   'x-timer': 'S1521081026.034705,VS0,VE0',
134 verbose headers   vary: 'Accept-Encoding, Accept' }
135 silly get cb [ 304,
135 silly get   { date: 'Thu, 15 Mar 2018 02:30:26 GMT',
135 silly get     via: '1.1 varnish',
135 silly get     'cache-control': 'max-age=300',
135 silly get     etag: '"5aa7309a-237b7"',
135 silly get     age: '1353',
135 silly get     connection: 'keep-alive',
135 silly get     'x-served-by': 'cache-hnd18733-HND',
135 silly get     'x-cache': 'HIT',
135 silly get     'x-cache-hits': '9',
135 silly get     'x-timer': 'S1521081026.034705,VS0,VE0',
135 silly get     vary: 'Accept-Encoding, Accept' } ]
136 verbose etag https://registry.npmjs.org/body-parser from cache
137 verbose get saving body-parser to /root/.npm/registry.npmjs.org/body-parser/.cache.json
138 silly resolveWithNewModule body-parser@1.18.2 checking installable status
139 silly cache add args [ 'body-parser@1.18.2', null ]
140 verbose cache add spec body-parser@1.18.2
141 silly cache add parsed spec Result {
141 silly cache add   raw: 'body-parser@1.18.2',
141 silly cache add   scope: null,
141 silly cache add   name: 'body-parser',
141 silly cache add   rawSpec: '1.18.2',
141 silly cache add   spec: '1.18.2',
141 silly cache add   type: 'version' }
142 silly addNamed body-parser@1.18.2
143 verbose addNamed "1.18.2" is a plain semver version for body-parser
144 silly mapToRegistry name body-parser
145 silly mapToRegistry using default registry
146 silly mapToRegistry registry https://registry.npmjs.org/
147 silly mapToRegistry uri https://registry.npmjs.org/body-parser
148 verbose addNameVersion registry:https://registry.npmjs.org/body-parser not in flight; fetching
149 verbose get https://registry.npmjs.org/body-parser not expired, no request
150 silly cache afterAdd body-parser@1.18.2
151 verbose afterAdd /root/.npm/body-parser/1.18.2/package/package.json not in flight; writing
152 verbose afterAdd /root/.npm/body-parser/1.18.2/package/package.json written
153 http 304 https://registry.npmjs.org/vary
154 verbose headers { date: 'Thu, 15 Mar 2018 02:30:26 GMT',
154 verbose headers   via: '1.1 varnish',
154 verbose headers   'cache-control': 'max-age=300',
154 verbose headers   etag: '"59db16b4-363c"',
154 verbose headers   age: '10208',
154 verbose headers   connection: 'keep-alive',
154 verbose headers   'x-served-by': 'cache-hnd18734-HND',
154 verbose headers   'x-cache': 'HIT',
154 verbose headers   'x-cache-hits': '23',
154 verbose headers   'x-timer': 'S1521081026.246559,VS0,VE0',
154 verbose headers   vary: 'Accept-Encoding, Accept' }
155 silly get cb [ 304,
155 silly get   { date: 'Thu, 15 Mar 2018 02:30:26 GMT',
155 silly get     via: '1.1 varnish',
155 silly get     'cache-control': 'max-age=300',
155 silly get     etag: '"59db16b4-363c"',
155 silly get     age: '10208',
155 silly get     connection: 'keep-alive',
155 silly get     'x-served-by': 'cache-hnd18734-HND',
155 silly get     'x-cache': 'HIT',
155 silly get     'x-cache-hits': '23',
155 silly get     'x-timer': 'S1521081026.246559,VS0,VE0',
155 silly get     vary: 'Accept-Encoding, Accept' } ]
156 verbose etag https://registry.npmjs.org/vary from cache
157 verbose get saving vary to /root/.npm/registry.npmjs.org/vary/.cache.json
158 http 304 https://registry.npmjs.org/utils-merge
159 verbose headers { date: 'Thu, 15 Mar 2018 02:30:26 GMT',
159 verbose headers   via: '1.1 varnish',
159 verbose headers   'cache-control': 'max-age=300',
159 verbose headers   etag: '"59c1b3df-125f"',
159 verbose headers   age: '13560',
159 verbose headers   connection: 'keep-alive',
159 verbose headers   'x-served-by': 'cache-hnd18749-HND',
159 verbose headers   'x-cache': 'HIT',
159 verbose headers   'x-cache-hits': '29',
159 verbose headers   'x-timer': 'S1521081026.245268,VS0,VE0',
159 verbose headers   vary: 'Accept-Encoding, Accept' }
160 silly get cb [ 304,
160 silly get   { date: 'Thu, 15 Mar 2018 02:30:26 GMT',
160 silly get     via: '1.1 varnish',
160 silly get     'cache-control': 'max-age=300',
160 silly get     etag: '"59c1b3df-125f"',
160 silly get     age: '13560',
160 silly get     connection: 'keep-alive',
160 silly get     'x-served-by': 'cache-hnd18749-HND',
160 silly get     'x-cache': 'HIT',
160 silly get     'x-cache-hits': '29',
160 silly get     'x-timer': 'S1521081026.245268,VS0,VE0',
160 silly get     vary: 'Accept-Encoding, Accept' } ]
161 verbose etag https://registry.npmjs.org/utils-merge from cache
162 verbose get saving utils-merge to /root/.npm/registry.npmjs.org/utils-merge/.cache.json
163 silly resolveWithNewModule vary@1.1.2 checking installable status
164 silly cache add args [ 'vary@~1.1.2', null ]
165 verbose cache add spec vary@~1.1.2
166 silly cache add parsed spec Result {
166 silly cache add   raw: 'vary@~1.1.2',
166 silly cache add   scope: null,
166 silly cache add   name: 'vary',
166 silly cache add   rawSpec: '~1.1.2',
166 silly cache add   spec: '>=1.1.2 <1.2.0',
166 silly cache add   type: 'range' }
167 silly addNamed vary@>=1.1.2 <1.2.0
168 verbose addNamed ">=1.1.2 <1.2.0" is a valid semver range for vary
169 silly addNameRange { name: 'vary', range: '>=1.1.2 <1.2.0', hasData: false }
170 silly mapToRegistry name vary
171 silly mapToRegistry using default registry
172 silly mapToRegistry registry https://registry.npmjs.org/
173 silly mapToRegistry uri https://registry.npmjs.org/vary
174 verbose addNameRange registry:https://registry.npmjs.org/vary not in flight; fetching
175 silly resolveWithNewModule utils-merge@1.0.1 checking installable status
176 silly cache add args [ 'utils-merge@1.0.1', null ]
177 verbose cache add spec utils-merge@1.0.1
178 silly cache add parsed spec Result {
178 silly cache add   raw: 'utils-merge@1.0.1',
178 silly cache add   scope: null,
178 silly cache add   name: 'utils-merge',
178 silly cache add   rawSpec: '1.0.1',
178 silly cache add   spec: '1.0.1',
178 silly cache add   type: 'version' }
179 silly addNamed utils-merge@1.0.1
180 verbose addNamed "1.0.1" is a plain semver version for utils-merge
181 silly mapToRegistry name utils-merge
182 silly mapToRegistry using default registry
183 silly mapToRegistry registry https://registry.npmjs.org/
184 silly mapToRegistry uri https://registry.npmjs.org/utils-merge
185 verbose addNameVersion registry:https://registry.npmjs.org/utils-merge not in flight; fetching
186 http 304 https://registry.npmjs.org/type-is
187 verbose headers { date: 'Thu, 15 Mar 2018 02:30:26 GMT',
187 verbose headers   via: '1.1 varnish',
187 verbose headers   'cache-control': 'max-age=300',
187 verbose headers   etag: '"5aa86dcc-f5cf"',
187 verbose headers   age: '6763',
187 verbose headers   connection: 'keep-alive',
187 verbose headers   'x-served-by': 'cache-hnd18750-HND',
187 verbose headers   'x-cache': 'HIT',
187 verbose headers   'x-cache-hits': '26',
187 verbose headers   'x-timer': 'S1521081026.246686,VS0,VE0',
187 verbose headers   vary: 'Accept-Encoding, Accept' }
188 silly get cb [ 304,
188 silly get   { date: 'Thu, 15 Mar 2018 02:30:26 GMT',
188 silly get     via: '1.1 varnish',
188 silly get     'cache-control': 'max-age=300',
188 silly get     etag: '"5aa86dcc-f5cf"',
188 silly get     age: '6763',
188 silly get     connection: 'keep-alive',
188 silly get     'x-served-by': 'cache-hnd18750-HND',
188 silly get     'x-cache': 'HIT',
188 silly get     'x-cache-hits': '26',
188 silly get     'x-timer': 'S1521081026.246686,VS0,VE0',
188 silly get     vary: 'Accept-Encoding, Accept' } ]
189 verbose etag https://registry.npmjs.org/type-is from cache
190 verbose get saving type-is to /root/.npm/registry.npmjs.org/type-is/.cache.json
191 http 304 https://registry.npmjs.org/send
192 verbose headers { date: 'Thu, 15 Mar 2018 02:30:26 GMT',
192 verbose headers   via: '1.1 varnish',
192 verbose headers   'cache-control': 'max-age=300',
192 verbose headers   etag: '"5a7b28b3-183d6"',
192 verbose headers   age: '11557',
192 verbose headers   connection: 'keep-alive',
192 verbose headers   'x-served-by': 'cache-hnd18736-HND',
192 verbose headers   'x-cache': 'HIT',
192 verbose headers   'x-cache-hits': '19',
192 verbose headers   'x-timer': 'S1521081026.250031,VS0,VE0',
192 verbose headers   vary: 'Accept-Encoding, Accept' }
193 silly get cb [ 304,
193 silly get   { date: 'Thu, 15 Mar 2018 02:30:26 GMT',
193 silly get     via: '1.1 varnish',
193 silly get     'cache-control': 'max-age=300',
193 silly get     etag: '"5a7b28b3-183d6"',
193 silly get     age: '11557',
193 silly get     connection: 'keep-alive',
193 silly get     'x-served-by': 'cache-hnd18736-HND',
193 silly get     'x-cache': 'HIT',
193 silly get     'x-cache-hits': '19',
193 silly get     'x-timer': 'S1521081026.250031,VS0,VE0',
193 silly get     vary: 'Accept-Encoding, Accept' } ]
194 verbose etag https://registry.npmjs.org/send from cache
195 verbose get saving send to /root/.npm/registry.npmjs.org/send/.cache.json
196 verbose get https://registry.npmjs.org/vary not expired, no request
197 silly addNameRange number 2 { name: 'vary', range: '>=1.1.2 <1.2.0', hasData: true }
198 silly addNameRange versions [ 'vary',
198 silly addNameRange   [ '0.0.0', '0.1.0', '1.0.0', '1.0.1', '1.1.0', '1.1.1', '1.1.2' ] ]
199 silly addNamed vary@1.1.2
200 verbose addNamed "1.1.2" is a plain semver version for vary
201 verbose get https://registry.npmjs.org/utils-merge not expired, no request
202 http 304 https://registry.npmjs.org/serve-static
203 verbose headers { date: 'Thu, 15 Mar 2018 02:30:26 GMT',
203 verbose headers   via: '1.1 varnish',
203 verbose headers   'cache-control': 'max-age=300',
203 verbose headers   etag: '"5aa6fcc2-186ee"',
203 verbose headers   age: '159',
203 verbose headers   connection: 'keep-alive',
203 verbose headers   'x-served-by': 'cache-hnd18727-HND',
203 verbose headers   'x-cache': 'HIT',
203 verbose headers   'x-cache-hits': '2',
203 verbose headers   'x-timer': 'S1521081026.259931,VS0,VE0',
203 verbose headers   vary: 'Accept-Encoding, Accept' }
204 silly get cb [ 304,
204 silly get   { date: 'Thu, 15 Mar 2018 02:30:26 GMT',
204 silly get     via: '1.1 varnish',
204 silly get     'cache-control': 'max-age=300',
204 silly get     etag: '"5aa6fcc2-186ee"',
204 silly get     age: '159',
204 silly get     connection: 'keep-alive',
204 silly get     'x-served-by': 'cache-hnd18727-HND',
204 silly get     'x-cache': 'HIT',
204 silly get     'x-cache-hits': '2',
204 silly get     'x-timer': 'S1521081026.259931,VS0,VE0',
204 silly get     vary: 'Accept-Encoding, Accept' } ]
205 verbose etag https://registry.npmjs.org/serve-static from cache
206 verbose get saving serve-static to /root/.npm/registry.npmjs.org/serve-static/.cache.json
207 silly resolveWithNewModule type-is@1.6.16 checking installable status
208 silly cache add args [ 'type-is@~1.6.16', null ]
209 verbose cache add spec type-is@~1.6.16
210 silly cache add parsed spec Result {
210 silly cache add   raw: 'type-is@~1.6.16',
210 silly cache add   scope: null,
210 silly cache add   name: 'type-is',
210 silly cache add   rawSpec: '~1.6.16',
210 silly cache add   spec: '>=1.6.16 <1.7.0',
210 silly cache add   type: 'range' }
211 silly addNamed type-is@>=1.6.16 <1.7.0
212 verbose addNamed ">=1.6.16 <1.7.0" is a valid semver range for type-is
213 silly addNameRange { name: 'type-is', range: '>=1.6.16 <1.7.0', hasData: false }
214 silly mapToRegistry name type-is
215 silly mapToRegistry using default registry
216 silly mapToRegistry registry https://registry.npmjs.org/
217 silly mapToRegistry uri https://registry.npmjs.org/type-is
218 verbose addNameRange registry:https://registry.npmjs.org/type-is not in flight; fetching
219 silly resolveWithNewModule send@0.16.2 checking installable status
220 silly cache add args [ 'send@0.16.2', null ]
221 verbose cache add spec send@0.16.2
222 silly cache add parsed spec Result {
222 silly cache add   raw: 'send@0.16.2',
222 silly cache add   scope: null,
222 silly cache add   name: 'send',
222 silly cache add   rawSpec: '0.16.2',
222 silly cache add   spec: '0.16.2',
222 silly cache add   type: 'version' }
223 silly addNamed send@0.16.2
224 verbose addNamed "0.16.2" is a plain semver version for send
225 silly mapToRegistry name send
226 silly mapToRegistry using default registry
227 silly mapToRegistry registry https://registry.npmjs.org/
228 silly mapToRegistry uri https://registry.npmjs.org/send
229 verbose addNameVersion registry:https://registry.npmjs.org/send not in flight; fetching
230 http 304 https://registry.npmjs.org/finalhandler
231 verbose headers { date: 'Thu, 15 Mar 2018 02:30:26 GMT',
231 verbose headers   via: '1.1 varnish',
231 verbose headers   'cache-control': 'max-age=300',
231 verbose headers   etag: '"5a9ed1ac-c267"',
231 verbose headers   age: '1900',
231 verbose headers   connection: 'keep-alive',
231 verbose headers   'x-served-by': 'cache-hnd18737-HND',
231 verbose headers   'x-cache': 'HIT',
231 verbose headers   'x-cache-hits': '9',
231 verbose headers   'x-timer': 'S1521081026.262503,VS0,VE0',
231 verbose headers   vary: 'Accept-Encoding, Accept' }
232 silly get cb [ 304,
232 silly get   { date: 'Thu, 15 Mar 2018 02:30:26 GMT',
232 silly get     via: '1.1 varnish',
232 silly get     'cache-control': 'max-age=300',
232 silly get     etag: '"5a9ed1ac-c267"',
232 silly get     age: '1900',
232 silly get     connection: 'keep-alive',
232 silly get     'x-served-by': 'cache-hnd18737-HND',
232 silly get     'x-cache': 'HIT',
232 silly get     'x-cache-hits': '9',
232 silly get     'x-timer': 'S1521081026.262503,VS0,VE0',
232 silly get     vary: 'Accept-Encoding, Accept' } ]
233 verbose etag https://registry.npmjs.org/finalhandler from cache
234 verbose get saving finalhandler to /root/.npm/registry.npmjs.org/finalhandler/.cache.json
235 silly cache afterAdd vary@1.1.2
236 verbose afterAdd /root/.npm/vary/1.1.2/package/package.json not in flight; writing
237 silly cache afterAdd utils-merge@1.0.1
238 verbose afterAdd /root/.npm/utils-merge/1.0.1/package/package.json not in flight; writing
239 verbose get https://registry.npmjs.org/type-is not expired, no request
240 silly addNameRange number 2 { name: 'type-is', range: '>=1.6.16 <1.7.0', hasData: true }
241 silly addNameRange versions [ 'type-is',
241 silly addNameRange   [ '1.0.0',
241 silly addNameRange     '1.0.1',
241 silly addNameRange     '1.1.0',
241 silly addNameRange     '1.2.0',
241 silly addNameRange     '1.2.1',
241 silly addNameRange     '1.2.2',
241 silly addNameRange     '1.3.0',
241 silly addNameRange     '1.3.1',
241 silly addNameRange     '1.3.2',
241 silly addNameRange     '1.4.0',
241 silly addNameRange     '1.5.0',
241 silly addNameRange     '1.5.1',
241 silly addNameRange     '1.5.2',
241 silly addNameRange     '1.5.3',
241 silly addNameRange     '1.5.4',
241 silly addNameRange     '1.5.5',
241 silly addNameRange     '1.5.6',
241 silly addNameRange     '1.5.7',
241 silly addNameRange     '1.6.0',
241 silly addNameRange     '1.6.1',
241 silly addNameRange     '1.6.2',
241 silly addNameRange     '1.6.3',
241 silly addNameRange     '1.6.4',
241 silly addNameRange     '1.6.5',
241 silly addNameRange     '1.6.6',
241 silly addNameRange     '1.6.7',
241 silly addNameRange     '1.6.8',
241 silly addNameRange     '1.6.9',
241 silly addNameRange     '1.6.10',
241 silly addNameRange     '1.6.11',
241 silly addNameRange     '1.6.12',
241 silly addNameRange     '1.6.13',
241 silly addNameRange     '1.6.14',
241 silly addNameRange     '1.6.15',
241 silly addNameRange     '1.6.16' ] ]
242 silly addNamed type-is@1.6.16
243 verbose addNamed "1.6.16" is a plain semver version for type-is
244 verbose get https://registry.npmjs.org/send not expired, no request
245 silly resolveWithNewModule serve-static@1.13.2 checking installable status
246 silly cache add args [ 'serve-static@1.13.2', null ]
247 verbose cache add spec serve-static@1.13.2
248 silly cache add parsed spec Result {
248 silly cache add   raw: 'serve-static@1.13.2',
248 silly cache add   scope: null,
248 silly cache add   name: 'serve-static',
248 silly cache add   rawSpec: '1.13.2',
248 silly cache add   spec: '1.13.2',
248 silly cache add   type: 'version' }
249 silly addNamed serve-static@1.13.2
250 verbose addNamed "1.13.2" is a plain semver version for serve-static
251 silly mapToRegistry name serve-static
252 silly mapToRegistry using default registry
253 silly mapToRegistry registry https://registry.npmjs.org/
254 silly mapToRegistry uri https://registry.npmjs.org/serve-static
255 verbose addNameVersion registry:https://registry.npmjs.org/serve-static not in flight; fetching
256 verbose afterAdd /root/.npm/vary/1.1.2/package/package.json written
257 verbose afterAdd /root/.npm/utils-merge/1.0.1/package/package.json written
258 silly resolveWithNewModule finalhandler@1.1.1 checking installable status
259 silly cache add args [ 'finalhandler@1.1.1', null ]
260 verbose cache add spec finalhandler@1.1.1
261 silly cache add parsed spec Result {
261 silly cache add   raw: 'finalhandler@1.1.1',
261 silly cache add   scope: null,
261 silly cache add   name: 'finalhandler',
261 silly cache add   rawSpec: '1.1.1',
261 silly cache add   spec: '1.1.1',
261 silly cache add   type: 'version' }
262 silly addNamed finalhandler@1.1.1
263 verbose addNamed "1.1.1" is a plain semver version for finalhandler
264 silly mapToRegistry name finalhandler
265 silly mapToRegistry using default registry
266 silly mapToRegistry registry https://registry.npmjs.org/
267 silly mapToRegistry uri https://registry.npmjs.org/finalhandler
268 verbose addNameVersion registry:https://registry.npmjs.org/finalhandler not in flight; fetching
269 silly cache afterAdd type-is@1.6.16
270 verbose afterAdd /root/.npm/type-is/1.6.16/package/package.json not in flight; writing
271 silly cache afterAdd send@0.16.2
272 verbose afterAdd /root/.npm/send/0.16.2/package/package.json not in flight; writing
273 verbose get https://registry.npmjs.org/serve-static not expired, no request
274 verbose get https://registry.npmjs.org/finalhandler not expired, no request
275 verbose afterAdd /root/.npm/type-is/1.6.16/package/package.json written
276 verbose afterAdd /root/.npm/send/0.16.2/package/package.json written
277 silly cache afterAdd serve-static@1.13.2
278 verbose afterAdd /root/.npm/serve-static/1.13.2/package/package.json not in flight; writing
279 silly cache afterAdd finalhandler@1.1.1
280 verbose afterAdd /root/.npm/finalhandler/1.1.1/package/package.json not in flight; writing
281 verbose afterAdd /root/.npm/serve-static/1.13.2/package/package.json written
282 verbose afterAdd /root/.npm/finalhandler/1.1.1/package/package.json written
283 silly fetchNamedPackageData http-errors
284 silly mapToRegistry name http-errors
285 silly mapToRegistry using default registry
286 silly mapToRegistry registry https://registry.npmjs.org/
287 silly mapToRegistry uri https://registry.npmjs.org/http-errors
288 silly fetchNamedPackageData raw-body
289 silly mapToRegistry name raw-body
290 silly mapToRegistry using default registry
291 silly mapToRegistry registry https://registry.npmjs.org/
292 silly mapToRegistry uri https://registry.npmjs.org/raw-body
293 verbose request uri https://registry.npmjs.org/http-errors
294 verbose request no auth needed
295 info attempt registry request try #1 at 7:30:26 PM
296 verbose etag "5a6a25c7-9537"
297 verbose lastModified Thu, 25 Jan 2018 18:45:27 GMT
298 http request GET https://registry.npmjs.org/http-errors
299 verbose request uri https://registry.npmjs.org/raw-body
300 verbose request no auth needed
301 info attempt registry request try #1 at 7:30:26 PM
302 verbose etag "5a79bbd5-ff26"
303 verbose lastModified Tue, 6 Feb 2018 14:29:41 GMT
304 http request GET https://registry.npmjs.org/raw-body
305 http 304 https://registry.npmjs.org/raw-body
306 verbose headers { date: 'Thu, 15 Mar 2018 02:30:26 GMT',
306 verbose headers   via: '1.1 varnish',
306 verbose headers   'cache-control': 'max-age=300',
306 verbose headers   etag: '"5a79bbd5-ff26"',
306 verbose headers   age: '995',
306 verbose headers   connection: 'keep-alive',
306 verbose headers   'x-served-by': 'cache-hnd18734-HND',
306 verbose headers   'x-cache': 'HIT',
306 verbose headers   'x-cache-hits': '7',
306 verbose headers   'x-timer': 'S1521081026.458671,VS0,VE0',
306 verbose headers   vary: 'Accept-Encoding, Accept' }
307 silly get cb [ 304,
307 silly get   { date: 'Thu, 15 Mar 2018 02:30:26 GMT',
307 silly get     via: '1.1 varnish',
307 silly get     'cache-control': 'max-age=300',
307 silly get     etag: '"5a79bbd5-ff26"',
307 silly get     age: '995',
307 silly get     connection: 'keep-alive',
307 silly get     'x-served-by': 'cache-hnd18734-HND',
307 silly get     'x-cache': 'HIT',
307 silly get     'x-cache-hits': '7',
307 silly get     'x-timer': 'S1521081026.458671,VS0,VE0',
307 silly get     vary: 'Accept-Encoding, Accept' } ]
308 verbose etag https://registry.npmjs.org/raw-body from cache
309 verbose get saving raw-body to /root/.npm/registry.npmjs.org/raw-body/.cache.json
310 http 304 https://registry.npmjs.org/http-errors
311 verbose headers { date: 'Thu, 15 Mar 2018 02:30:26 GMT',
311 verbose headers   via: '1.1 varnish',
311 verbose headers   'cache-control': 'max-age=300',
311 verbose headers   etag: '"5a6a25c7-9537"',
311 verbose headers   age: '1495',
311 verbose headers   connection: 'keep-alive',
311 verbose headers   'x-served-by': 'cache-hnd18733-HND',
311 verbose headers   'x-cache': 'HIT',
311 verbose headers   'x-cache-hits': '4',
311 verbose headers   'x-timer': 'S1521081026.454571,VS0,VE0',
311 verbose headers   vary: 'Accept-Encoding, Accept' }
312 silly get cb [ 304,
312 silly get   { date: 'Thu, 15 Mar 2018 02:30:26 GMT',
312 silly get     via: '1.1 varnish',
312 silly get     'cache-control': 'max-age=300',
312 silly get     etag: '"5a6a25c7-9537"',
312 silly get     age: '1495',
312 silly get     connection: 'keep-alive',
312 silly get     'x-served-by': 'cache-hnd18733-HND',
312 silly get     'x-cache': 'HIT',
312 silly get     'x-cache-hits': '4',
312 silly get     'x-timer': 'S1521081026.454571,VS0,VE0',
312 silly get     vary: 'Accept-Encoding, Accept' } ]
313 verbose etag https://registry.npmjs.org/http-errors from cache
314 verbose get saving http-errors to /root/.npm/registry.npmjs.org/http-errors/.cache.json
315 silly resolveWithNewModule raw-body@2.3.2 checking installable status
316 silly cache add args [ 'raw-body@2.3.2', null ]
317 verbose cache add spec raw-body@2.3.2
318 silly cache add parsed spec Result {
318 silly cache add   raw: 'raw-body@2.3.2',
318 silly cache add   scope: null,
318 silly cache add   name: 'raw-body',
318 silly cache add   rawSpec: '2.3.2',
318 silly cache add   spec: '2.3.2',
318 silly cache add   type: 'version' }
319 silly addNamed raw-body@2.3.2
320 verbose addNamed "2.3.2" is a plain semver version for raw-body
321 silly mapToRegistry name raw-body
322 silly mapToRegistry using default registry
323 silly mapToRegistry registry https://registry.npmjs.org/
324 silly mapToRegistry uri https://registry.npmjs.org/raw-body
325 verbose addNameVersion registry:https://registry.npmjs.org/raw-body not in flight; fetching
326 silly resolveWithNewModule http-errors@1.6.2 checking installable status
327 silly cache add args [ 'http-errors@~1.6.2', null ]
328 verbose cache add spec http-errors@~1.6.2
329 silly cache add parsed spec Result {
329 silly cache add   raw: 'http-errors@~1.6.2',
329 silly cache add   scope: null,
329 silly cache add   name: 'http-errors',
329 silly cache add   rawSpec: '~1.6.2',
329 silly cache add   spec: '>=1.6.2 <1.7.0',
329 silly cache add   type: 'range' }
330 silly addNamed http-errors@>=1.6.2 <1.7.0
331 verbose addNamed ">=1.6.2 <1.7.0" is a valid semver range for http-errors
332 silly addNameRange { name: 'http-errors', range: '>=1.6.2 <1.7.0', hasData: false }
333 silly mapToRegistry name http-errors
334 silly mapToRegistry using default registry
335 silly mapToRegistry registry https://registry.npmjs.org/
336 silly mapToRegistry uri https://registry.npmjs.org/http-errors
337 verbose addNameRange registry:https://registry.npmjs.org/http-errors not in flight; fetching
338 verbose get https://registry.npmjs.org/raw-body not expired, no request
339 verbose get https://registry.npmjs.org/http-errors not expired, no request
340 silly addNameRange number 2 { name: 'http-errors', range: '>=1.6.2 <1.7.0', hasData: true }
341 silly addNameRange versions [ 'http-errors',
341 silly addNameRange   [ '0.0.1',
341 silly addNameRange     '1.0.0',
341 silly addNameRange     '1.0.1',
341 silly addNameRange     '1.1.0',
341 silly addNameRange     '1.2.0',
341 silly addNameRange     '1.2.1',
341 silly addNameRange     '1.2.2',
341 silly addNameRange     '1.2.3',
341 silly addNameRange     '1.2.4',
341 silly addNameRange     '1.2.5',
341 silly addNameRange     '1.2.6',
341 silly addNameRange     '1.2.7',
341 silly addNameRange     '1.2.8',
341 silly addNameRange     '1.3.0',
341 silly addNameRange     '1.3.1',
341 silly addNameRange     '1.4.0',
341 silly addNameRange     '1.5.0',
341 silly addNameRange     '1.5.1',
341 silly addNameRange     '1.6.0',
341 silly addNameRange     '1.6.1',
341 silly addNameRange     '1.6.2' ] ]
342 silly addNamed http-errors@1.6.2
343 verbose addNamed "1.6.2" is a plain semver version for http-errors
344 silly cache afterAdd raw-body@2.3.2
345 verbose afterAdd /root/.npm/raw-body/2.3.2/package/package.json not in flight; writing
346 silly cache afterAdd http-errors@1.6.2
347 verbose afterAdd /root/.npm/http-errors/1.6.2/package/package.json not in flight; writing
348 verbose afterAdd /root/.npm/raw-body/2.3.2/package/package.json written
349 verbose afterAdd /root/.npm/http-errors/1.6.2/package/package.json written
350 silly fetchNamedPackageData depd
351 silly mapToRegistry name depd
352 silly mapToRegistry using default registry
353 silly mapToRegistry registry https://registry.npmjs.org/
354 silly mapToRegistry uri https://registry.npmjs.org/depd
355 silly fetchNamedPackageData inherits
356 silly mapToRegistry name inherits
357 silly mapToRegistry using default registry
358 silly mapToRegistry registry https://registry.npmjs.org/
359 silly mapToRegistry uri https://registry.npmjs.org/inherits
360 silly fetchNamedPackageData setprototypeof
361 silly mapToRegistry name setprototypeof
362 silly mapToRegistry using default registry
363 silly mapToRegistry registry https://registry.npmjs.org/
364 silly mapToRegistry uri https://registry.npmjs.org/setprototypeof
365 verbose request uri https://registry.npmjs.org/depd
366 verbose request no auth needed
367 info attempt registry request try #1 at 7:30:26 PM
368 verbose etag "5a7ec263-7ebe"
369 verbose lastModified Sat, 10 Feb 2018 9:58:59 GMT
370 http request GET https://registry.npmjs.org/depd
371 verbose request uri https://registry.npmjs.org/inherits
372 verbose request no auth needed
373 info attempt registry request try #1 at 7:30:26 PM
374 verbose etag "5a8b25af-2289"
375 verbose lastModified Mon, 19 Feb 2018 19:29:51 GMT
376 http request GET https://registry.npmjs.org/inherits
377 verbose request uri https://registry.npmjs.org/setprototypeof
378 verbose request no auth needed
379 info attempt registry request try #1 at 7:30:26 PM
380 verbose etag "59b9c440-1b7b"
381 verbose lastModified Wed, 13 Sep 2017 23:50:24 GMT
382 http request GET https://registry.npmjs.org/setprototypeof
383 http 304 https://registry.npmjs.org/inherits
384 verbose headers { date: 'Thu, 15 Mar 2018 02:30:26 GMT',
384 verbose headers   via: '1.1 varnish',
384 verbose headers   'cache-control': 'max-age=300',
384 verbose headers   etag: '"5a8b25af-2289"',
384 verbose headers   age: '10075',
384 verbose headers   connection: 'keep-alive',
384 verbose headers   'x-served-by': 'cache-hnd18750-HND',
384 verbose headers   'x-cache': 'HIT',
384 verbose headers   'x-cache-hits': '89',
384 verbose headers   'x-timer': 'S1521081027.620542,VS0,VE0',
384 verbose headers   vary: 'Accept-Encoding, Accept' }
385 silly get cb [ 304,
385 silly get   { date: 'Thu, 15 Mar 2018 02:30:26 GMT',
385 silly get     via: '1.1 varnish',
385 silly get     'cache-control': 'max-age=300',
385 silly get     etag: '"5a8b25af-2289"',
385 silly get     age: '10075',
385 silly get     connection: 'keep-alive',
385 silly get     'x-served-by': 'cache-hnd18750-HND',
385 silly get     'x-cache': 'HIT',
385 silly get     'x-cache-hits': '89',
385 silly get     'x-timer': 'S1521081027.620542,VS0,VE0',
385 silly get     vary: 'Accept-Encoding, Accept' } ]
386 verbose etag https://registry.npmjs.org/inherits from cache
387 verbose get saving inherits to /root/.npm/registry.npmjs.org/inherits/.cache.json
388 silly resolveWithNewModule inherits@2.0.3 checking installable status
389 silly cache add args [ 'inherits@2.0.3', null ]
390 verbose cache add spec inherits@2.0.3
391 silly cache add parsed spec Result {
391 silly cache add   raw: 'inherits@2.0.3',
391 silly cache add   scope: null,
391 silly cache add   name: 'inherits',
391 silly cache add   rawSpec: '2.0.3',
391 silly cache add   spec: '2.0.3',
391 silly cache add   type: 'version' }
392 silly addNamed inherits@2.0.3
393 verbose addNamed "2.0.3" is a plain semver version for inherits
394 silly mapToRegistry name inherits
395 silly mapToRegistry using default registry
396 silly mapToRegistry registry https://registry.npmjs.org/
397 silly mapToRegistry uri https://registry.npmjs.org/inherits
398 verbose addNameVersion registry:https://registry.npmjs.org/inherits not in flight; fetching
399 http 304 https://registry.npmjs.org/setprototypeof
400 verbose headers { date: 'Thu, 15 Mar 2018 02:30:26 GMT',
400 verbose headers   via: '1.1 varnish',
400 verbose headers   'cache-control': 'max-age=300',
400 verbose headers   etag: '"59b9c440-1b7b"',
400 verbose headers   age: '13762',
400 verbose headers   connection: 'keep-alive',
400 verbose headers   'x-served-by': 'cache-hnd18736-HND',
400 verbose headers   'x-cache': 'HIT',
400 verbose headers   'x-cache-hits': '60',
400 verbose headers   'x-timer': 'S1521081027.620423,VS0,VE0',
400 verbose headers   vary: 'Accept-Encoding, Accept' }
401 silly get cb [ 304,
401 silly get   { date: 'Thu, 15 Mar 2018 02:30:26 GMT',
401 silly get     via: '1.1 varnish',
401 silly get     'cache-control': 'max-age=300',
401 silly get     etag: '"59b9c440-1b7b"',
401 silly get     age: '13762',
401 silly get     connection: 'keep-alive',
401 silly get     'x-served-by': 'cache-hnd18736-HND',
401 silly get     'x-cache': 'HIT',
401 silly get     'x-cache-hits': '60',
401 silly get     'x-timer': 'S1521081027.620423,VS0,VE0',
401 silly get     vary: 'Accept-Encoding, Accept' } ]
402 verbose etag https://registry.npmjs.org/setprototypeof from cache
403 verbose get saving setprototypeof to /root/.npm/registry.npmjs.org/setprototypeof/.cache.json
404 verbose get https://registry.npmjs.org/inherits not expired, no request
405 silly resolveWithNewModule setprototypeof@1.0.3 checking installable status
406 silly cache add args [ 'setprototypeof@1.0.3', null ]
407 verbose cache add spec setprototypeof@1.0.3
408 silly cache add parsed spec Result {
408 silly cache add   raw: 'setprototypeof@1.0.3',
408 silly cache add   scope: null,
408 silly cache add   name: 'setprototypeof',
408 silly cache add   rawSpec: '1.0.3',
408 silly cache add   spec: '1.0.3',
408 silly cache add   type: 'version' }
409 silly addNamed setprototypeof@1.0.3
410 verbose addNamed "1.0.3" is a plain semver version for setprototypeof
411 silly mapToRegistry name setprototypeof
412 silly mapToRegistry using default registry
413 silly mapToRegistry registry https://registry.npmjs.org/
414 silly mapToRegistry uri https://registry.npmjs.org/setprototypeof
415 verbose addNameVersion registry:https://registry.npmjs.org/setprototypeof not in flight; fetching
416 http 304 https://registry.npmjs.org/depd
417 verbose headers { date: 'Thu, 15 Mar 2018 02:30:26 GMT',
417 verbose headers   via: '1.1 varnish',
417 verbose headers   'cache-control': 'max-age=300',
417 verbose headers   etag: '"5a7ec263-7ebe"',
417 verbose headers   age: '2754',
417 verbose headers   connection: 'keep-alive',
417 verbose headers   'x-served-by': 'cache-hnd18749-HND',
417 verbose headers   'x-cache': 'HIT',
417 verbose headers   'x-cache-hits': '16',
417 verbose headers   'x-timer': 'S1521081027.620271,VS0,VE0',
417 verbose headers   vary: 'Accept-Encoding, Accept' }
418 silly get cb [ 304,
418 silly get   { date: 'Thu, 15 Mar 2018 02:30:26 GMT',
418 silly get     via: '1.1 varnish',
418 silly get     'cache-control': 'max-age=300',
418 silly get     etag: '"5a7ec263-7ebe"',
418 silly get     age: '2754',
418 silly get     connection: 'keep-alive',
418 silly get     'x-served-by': 'cache-hnd18749-HND',
418 silly get     'x-cache': 'HIT',
418 silly get     'x-cache-hits': '16',
418 silly get     'x-timer': 'S1521081027.620271,VS0,VE0',
418 silly get     vary: 'Accept-Encoding, Accept' } ]
419 verbose etag https://registry.npmjs.org/depd from cache
420 verbose get saving depd to /root/.npm/registry.npmjs.org/depd/.cache.json
421 silly cache afterAdd inherits@2.0.3
422 verbose afterAdd /root/.npm/inherits/2.0.3/package/package.json not in flight; writing
423 verbose get https://registry.npmjs.org/setprototypeof not expired, no request
424 verbose afterAdd /root/.npm/inherits/2.0.3/package/package.json written
425 silly resolveWithNewModule depd@1.1.1 checking installable status
426 silly cache add args [ 'depd@1.1.1', null ]
427 verbose cache add spec depd@1.1.1
428 silly cache add parsed spec Result {
428 silly cache add   raw: 'depd@1.1.1',
428 silly cache add   scope: null,
428 silly cache add   name: 'depd',
428 silly cache add   rawSpec: '1.1.1',
428 silly cache add   spec: '1.1.1',
428 silly cache add   type: 'version' }
429 silly addNamed depd@1.1.1
430 verbose addNamed "1.1.1" is a plain semver version for depd
431 silly mapToRegistry name depd
432 silly mapToRegistry using default registry
433 silly mapToRegistry registry https://registry.npmjs.org/
434 silly mapToRegistry uri https://registry.npmjs.org/depd
435 verbose addNameVersion registry:https://registry.npmjs.org/depd not in flight; fetching
436 silly cache afterAdd setprototypeof@1.0.3
437 verbose afterAdd /root/.npm/setprototypeof/1.0.3/package/package.json not in flight; writing
438 verbose get https://registry.npmjs.org/depd not expired, no request
439 verbose afterAdd /root/.npm/setprototypeof/1.0.3/package/package.json written
440 silly cache afterAdd depd@1.1.1
441 verbose afterAdd /root/.npm/depd/1.1.1/package/package.json not in flight; writing
442 verbose afterAdd /root/.npm/depd/1.1.1/package/package.json written
443 silly fetchNamedPackageData unpipe
444 silly mapToRegistry name unpipe
445 silly mapToRegistry using default registry
446 silly mapToRegistry registry https://registry.npmjs.org/
447 silly mapToRegistry uri https://registry.npmjs.org/unpipe
448 verbose request uri https://registry.npmjs.org/unpipe
449 verbose request no auth needed
450 info attempt registry request try #1 at 7:30:26 PM
451 verbose etag "56b39942-ccf"
452 verbose lastModified Thu, 4 Feb 2016 18:32:34 GMT
453 http request GET https://registry.npmjs.org/unpipe
454 http 304 https://registry.npmjs.org/unpipe
455 verbose headers { date: 'Thu, 15 Mar 2018 02:30:26 GMT',
455 verbose headers   via: '1.1 varnish',
455 verbose headers   'cache-control': 'max-age=300',
455 verbose headers   etag: '"56b39942-ccf"',
455 verbose headers   age: '4815',
455 verbose headers   connection: 'keep-alive',
455 verbose headers   'x-served-by': 'cache-hnd18727-HND',
455 verbose headers   'x-cache': 'HIT',
455 verbose headers   'x-cache-hits': '25',
455 verbose headers   'x-timer': 'S1521081027.775498,VS0,VE0',
455 verbose headers   vary: 'Accept-Encoding, Accept' }
456 silly get cb [ 304,
456 silly get   { date: 'Thu, 15 Mar 2018 02:30:26 GMT',
456 silly get     via: '1.1 varnish',
456 silly get     'cache-control': 'max-age=300',
456 silly get     etag: '"56b39942-ccf"',
456 silly get     age: '4815',
456 silly get     connection: 'keep-alive',
456 silly get     'x-served-by': 'cache-hnd18727-HND',
456 silly get     'x-cache': 'HIT',
456 silly get     'x-cache-hits': '25',
456 silly get     'x-timer': 'S1521081027.775498,VS0,VE0',
456 silly get     vary: 'Accept-Encoding, Accept' } ]
457 verbose etag https://registry.npmjs.org/unpipe from cache
458 verbose get saving unpipe to /root/.npm/registry.npmjs.org/unpipe/.cache.json
459 silly resolveWithNewModule unpipe@1.0.0 checking installable status
460 silly cache add args [ 'unpipe@1.0.0', null ]
461 verbose cache add spec unpipe@1.0.0
462 silly cache add parsed spec Result {
462 silly cache add   raw: 'unpipe@1.0.0',
462 silly cache add   scope: null,
462 silly cache add   name: 'unpipe',
462 silly cache add   rawSpec: '1.0.0',
462 silly cache add   spec: '1.0.0',
462 silly cache add   type: 'version' }
463 silly addNamed unpipe@1.0.0
464 verbose addNamed "1.0.0" is a plain semver version for unpipe
465 silly mapToRegistry name unpipe
466 silly mapToRegistry using default registry
467 silly mapToRegistry registry https://registry.npmjs.org/
468 silly mapToRegistry uri https://registry.npmjs.org/unpipe
469 verbose addNameVersion registry:https://registry.npmjs.org/unpipe not in flight; fetching
470 verbose get https://registry.npmjs.org/unpipe not expired, no request
471 silly cache afterAdd unpipe@1.0.0
472 verbose afterAdd /root/.npm/unpipe/1.0.0/package/package.json not in flight; writing
473 verbose afterAdd /root/.npm/unpipe/1.0.0/package/package.json written
474 silly loadAllDepsIntoIdealTree Finishing
475 silly idealTree:prePrune learn
475 silly idealTree:prePrune ├── accepts@1.3.5
475 silly idealTree:prePrune ├── array-flatten@1.1.1
475 silly idealTree:prePrune ├── body-parser@1.18.2
475 silly idealTree:prePrune ├── bytes@3.0.0
475 silly idealTree:prePrune ├── content-disposition@0.5.2
475 silly idealTree:prePrune ├── content-type@1.0.4
475 silly idealTree:prePrune ├── cookie-signature@1.0.6
475 silly idealTree:prePrune ├── cookie@0.3.1
475 silly idealTree:prePrune ├── debug@2.6.9
475 silly idealTree:prePrune ├── depd@1.1.2
475 silly idealTree:prePrune ├── destroy@1.0.4
475 silly idealTree:prePrune ├── ee-first@1.1.1
475 silly idealTree:prePrune ├── encodeurl@1.0.2
475 silly idealTree:prePrune ├── escape-html@1.0.3
475 silly idealTree:prePrune ├── etag@1.8.1
475 silly idealTree:prePrune ├── express@4.16.3
475 silly idealTree:prePrune ├── finalhandler@1.1.1
475 silly idealTree:prePrune ├── forwarded@0.1.2
475 silly idealTree:prePrune ├── fresh@0.5.2
475 silly idealTree:prePrune ├─┬ http-errors@1.6.2
475 silly idealTree:prePrune │ ├── depd@1.1.1
475 silly idealTree:prePrune │ └── setprototypeof@1.0.3
475 silly idealTree:prePrune ├── iconv-lite@0.4.19
475 silly idealTree:prePrune ├── inherits@2.0.3
475 silly idealTree:prePrune ├── ipaddr.js@1.6.0
475 silly idealTree:prePrune ├── media-typer@0.3.0
475 silly idealTree:prePrune ├── merge-descriptors@1.0.1
475 silly idealTree:prePrune ├── methods@1.1.2
475 silly idealTree:prePrune ├── mime-db@1.33.0
475 silly idealTree:prePrune ├── mime-types@2.1.18
475 silly idealTree:prePrune ├── mime@1.4.1
475 silly idealTree:prePrune ├── ms@2.0.0
475 silly idealTree:prePrune ├── negotiator@0.6.1
475 silly idealTree:prePrune ├── on-finished@2.3.0
475 silly idealTree:prePrune ├── parseurl@1.3.2
475 silly idealTree:prePrune ├── path-to-regexp@0.1.7
475 silly idealTree:prePrune ├── proxy-addr@2.0.3
475 silly idealTree:prePrune ├── qs@6.5.1
475 silly idealTree:prePrune ├── range-parser@1.2.0
475 silly idealTree:prePrune ├── raw-body@2.3.2
475 silly idealTree:prePrune ├── safe-buffer@5.1.1
475 silly idealTree:prePrune ├── send@0.16.2
475 silly idealTree:prePrune ├── serve-static@1.13.2
475 silly idealTree:prePrune ├── setprototypeof@1.1.0
475 silly idealTree:prePrune ├── statuses@1.4.0
475 silly idealTree:prePrune ├── type-is@1.6.16
475 silly idealTree:prePrune ├── unpipe@1.0.0
475 silly idealTree:prePrune ├── utils-merge@1.0.1
475 silly idealTree:prePrune └── vary@1.1.2
476 silly loadIdealTree Finishing
477 silly currentTree learn
477 silly currentTree ├── accepts@1.3.5
477 silly currentTree ├── array-flatten@1.1.1
477 silly currentTree ├── bytes@3.0.0
477 silly currentTree ├── content-disposition@0.5.2
477 silly currentTree ├── content-type@1.0.4
477 silly currentTree ├── cookie-signature@1.0.6
477 silly currentTree ├── cookie@0.3.1
477 silly currentTree ├── debug@2.6.9
477 silly currentTree ├── depd@1.1.2
477 silly currentTree ├── destroy@1.0.4
477 silly currentTree ├── ee-first@1.1.1
477 silly currentTree ├── encodeurl@1.0.2
477 silly currentTree ├── escape-html@1.0.3
477 silly currentTree ├── etag@1.8.1
477 silly currentTree ├── forwarded@0.1.2
477 silly currentTree ├── fresh@0.5.2
477 silly currentTree ├── iconv-lite@0.4.19
477 silly currentTree ├── ipaddr.js@1.6.0
477 silly currentTree ├── media-typer@0.3.0
477 silly currentTree ├── merge-descriptors@1.0.1
477 silly currentTree ├── methods@1.1.2
477 silly currentTree ├── mime-db@1.33.0
477 silly currentTree ├── mime-types@2.1.18
477 silly currentTree ├── mime@1.4.1
477 silly currentTree ├── ms@2.0.0
477 silly currentTree ├── negotiator@0.6.1
477 silly currentTree ├── on-finished@2.3.0
477 silly currentTree ├── parseurl@1.3.2
477 silly currentTree ├── path-to-regexp@0.1.7
477 silly currentTree ├── proxy-addr@2.0.3
477 silly currentTree ├── qs@6.5.1
477 silly currentTree ├── range-parser@1.2.0
477 silly currentTree ├── safe-buffer@5.1.1
477 silly currentTree ├── setprototypeof@1.1.0
477 silly currentTree └── statuses@1.4.0
478 silly idealTree learn
478 silly idealTree ├── accepts@1.3.5
478 silly idealTree ├── array-flatten@1.1.1
478 silly idealTree ├── body-parser@1.18.2
478 silly idealTree ├── bytes@3.0.0
478 silly idealTree ├── content-disposition@0.5.2
478 silly idealTree ├── content-type@1.0.4
478 silly idealTree ├── cookie-signature@1.0.6
478 silly idealTree ├── cookie@0.3.1
478 silly idealTree ├── debug@2.6.9
478 silly idealTree ├── depd@1.1.2
478 silly idealTree ├── destroy@1.0.4
478 silly idealTree ├── ee-first@1.1.1
478 silly idealTree ├── encodeurl@1.0.2
478 silly idealTree ├── escape-html@1.0.3
478 silly idealTree ├── etag@1.8.1
478 silly idealTree ├── express@4.16.3
478 silly idealTree ├── finalhandler@1.1.1
478 silly idealTree ├── forwarded@0.1.2
478 silly idealTree ├── fresh@0.5.2
478 silly idealTree ├─┬ http-errors@1.6.2
478 silly idealTree │ ├── depd@1.1.1
478 silly idealTree │ └── setprototypeof@1.0.3
478 silly idealTree ├── iconv-lite@0.4.19
478 silly idealTree ├── inherits@2.0.3
478 silly idealTree ├── ipaddr.js@1.6.0
478 silly idealTree ├── media-typer@0.3.0
478 silly idealTree ├── merge-descriptors@1.0.1
478 silly idealTree ├── methods@1.1.2
478 silly idealTree ├── mime-db@1.33.0
478 silly idealTree ├── mime-types@2.1.18
478 silly idealTree ├── mime@1.4.1
478 silly idealTree ├── ms@2.0.0
478 silly idealTree ├── negotiator@0.6.1
478 silly idealTree ├── on-finished@2.3.0
478 silly idealTree ├── parseurl@1.3.2
478 silly idealTree ├── path-to-regexp@0.1.7
478 silly idealTree ├── proxy-addr@2.0.3
478 silly idealTree ├── qs@6.5.1
478 silly idealTree ├── range-parser@1.2.0
478 silly idealTree ├── raw-body@2.3.2
478 silly idealTree ├── safe-buffer@5.1.1
478 silly idealTree ├── send@0.16.2
478 silly idealTree ├── serve-static@1.13.2
478 silly idealTree ├── setprototypeof@1.1.0
478 silly idealTree ├── statuses@1.4.0
478 silly idealTree ├── type-is@1.6.16
478 silly idealTree ├── unpipe@1.0.0
478 silly idealTree ├── utils-merge@1.0.1
478 silly idealTree └── vary@1.1.2
479 silly generateActionsToTake Starting
480 silly install generateActionsToTake
481 silly generateActionsToTake Finishing
482 silly diffTrees action count 14
483 silly diffTrees add depd@1.1.1
484 silly diffTrees add setprototypeof@1.0.3
485 silly diffTrees add inherits@2.0.3
486 silly diffTrees add http-errors@1.6.2
487 silly diffTrees add send@0.16.2
488 silly diffTrees add serve-static@1.13.2
489 silly diffTrees add type-is@1.6.16
490 silly diffTrees add unpipe@1.0.0
491 silly diffTrees add raw-body@2.3.2
492 silly diffTrees add body-parser@1.18.2
493 silly diffTrees add finalhandler@1.1.1
494 silly diffTrees add utils-merge@1.0.1
495 silly diffTrees add vary@1.1.2
496 silly diffTrees add express@4.16.3
497 silly decomposeActions action count 112
498 silly decomposeActions fetch depd@1.1.1
499 silly decomposeActions extract depd@1.1.1
500 silly decomposeActions test depd@1.1.1
501 silly decomposeActions preinstall depd@1.1.1
502 silly decomposeActions build depd@1.1.1
503 silly decomposeActions install depd@1.1.1
504 silly decomposeActions postinstall depd@1.1.1
505 silly decomposeActions finalize depd@1.1.1
506 silly decomposeActions fetch setprototypeof@1.0.3
507 silly decomposeActions extract setprototypeof@1.0.3
508 silly decomposeActions test setprototypeof@1.0.3
509 silly decomposeActions preinstall setprototypeof@1.0.3
510 silly decomposeActions build setprototypeof@1.0.3
511 silly decomposeActions install setprototypeof@1.0.3
512 silly decomposeActions postinstall setprototypeof@1.0.3
513 silly decomposeActions finalize setprototypeof@1.0.3
514 silly decomposeActions fetch inherits@2.0.3
515 silly decomposeActions extract inherits@2.0.3
516 silly decomposeActions test inherits@2.0.3
517 silly decomposeActions preinstall inherits@2.0.3
518 silly decomposeActions build inherits@2.0.3
519 silly decomposeActions install inherits@2.0.3
520 silly decomposeActions postinstall inherits@2.0.3
521 silly decomposeActions finalize inherits@2.0.3
522 silly decomposeActions fetch http-errors@1.6.2
523 silly decomposeActions extract http-errors@1.6.2
524 silly decomposeActions test http-errors@1.6.2
525 silly decomposeActions preinstall http-errors@1.6.2
526 silly decomposeActions build http-errors@1.6.2
527 silly decomposeActions install http-errors@1.6.2
528 silly decomposeActions postinstall http-errors@1.6.2
529 silly decomposeActions finalize http-errors@1.6.2
530 silly decomposeActions fetch send@0.16.2
531 silly decomposeActions extract send@0.16.2
532 silly decomposeActions test send@0.16.2
533 silly decomposeActions preinstall send@0.16.2
534 silly decomposeActions build send@0.16.2
535 silly decomposeActions install send@0.16.2
536 silly decomposeActions postinstall send@0.16.2
537 silly decomposeActions finalize send@0.16.2
538 silly decomposeActions fetch serve-static@1.13.2
539 silly decomposeActions extract serve-static@1.13.2
540 silly decomposeActions test serve-static@1.13.2
541 silly decomposeActions preinstall serve-static@1.13.2
542 silly decomposeActions build serve-static@1.13.2
543 silly decomposeActions install serve-static@1.13.2
544 silly decomposeActions postinstall serve-static@1.13.2
545 silly decomposeActions finalize serve-static@1.13.2
546 silly decomposeActions fetch type-is@1.6.16
547 silly decomposeActions extract type-is@1.6.16
548 silly decomposeActions test type-is@1.6.16
549 silly decomposeActions preinstall type-is@1.6.16
550 silly decomposeActions build type-is@1.6.16
551 silly decomposeActions install type-is@1.6.16
552 silly decomposeActions postinstall type-is@1.6.16
553 silly decomposeActions finalize type-is@1.6.16
554 silly decomposeActions fetch unpipe@1.0.0
555 silly decomposeActions extract unpipe@1.0.0
556 silly decomposeActions test unpipe@1.0.0
557 silly decomposeActions preinstall unpipe@1.0.0
558 silly decomposeActions build unpipe@1.0.0
559 silly decomposeActions install unpipe@1.0.0
560 silly decomposeActions postinstall unpipe@1.0.0
561 silly decomposeActions finalize unpipe@1.0.0
562 silly decomposeActions fetch raw-body@2.3.2
563 silly decomposeActions extract raw-body@2.3.2
564 silly decomposeActions test raw-body@2.3.2
565 silly decomposeActions preinstall raw-body@2.3.2
566 silly decomposeActions build raw-body@2.3.2
567 silly decomposeActions install raw-body@2.3.2
568 silly decomposeActions postinstall raw-body@2.3.2
569 silly decomposeActions finalize raw-body@2.3.2
570 silly decomposeActions fetch body-parser@1.18.2
571 silly decomposeActions extract body-parser@1.18.2
572 silly decomposeActions test body-parser@1.18.2
573 silly decomposeActions preinstall body-parser@1.18.2
574 silly decomposeActions build body-parser@1.18.2
575 silly decomposeActions install body-parser@1.18.2
576 silly decomposeActions postinstall body-parser@1.18.2
577 silly decomposeActions finalize body-parser@1.18.2
578 silly decomposeActions fetch finalhandler@1.1.1
579 silly decomposeActions extract finalhandler@1.1.1
580 silly decomposeActions test finalhandler@1.1.1
581 silly decomposeActions preinstall finalhandler@1.1.1
582 silly decomposeActions build finalhandler@1.1.1
583 silly decomposeActions install finalhandler@1.1.1
584 silly decomposeActions postinstall finalhandler@1.1.1
585 silly decomposeActions finalize finalhandler@1.1.1
586 silly decomposeActions fetch utils-merge@1.0.1
587 silly decomposeActions extract utils-merge@1.0.1
588 silly decomposeActions test utils-merge@1.0.1
589 silly decomposeActions preinstall utils-merge@1.0.1
590 silly decomposeActions build utils-merge@1.0.1
591 silly decomposeActions install utils-merge@1.0.1
592 silly decomposeActions postinstall utils-merge@1.0.1
593 silly decomposeActions finalize utils-merge@1.0.1
594 silly decomposeActions fetch vary@1.1.2
595 silly decomposeActions extract vary@1.1.2
596 silly decomposeActions test vary@1.1.2
597 silly decomposeActions preinstall vary@1.1.2
598 silly decomposeActions build vary@1.1.2
599 silly decomposeActions install vary@1.1.2
600 silly decomposeActions postinstall vary@1.1.2
601 silly decomposeActions finalize vary@1.1.2
602 silly decomposeActions fetch express@4.16.3
603 silly decomposeActions extract express@4.16.3
604 silly decomposeActions test express@4.16.3
605 silly decomposeActions preinstall express@4.16.3
606 silly decomposeActions build express@4.16.3
607 silly decomposeActions install express@4.16.3
608 silly decomposeActions postinstall express@4.16.3
609 silly decomposeActions finalize express@4.16.3
610 silly executeActions Starting
611 silly install executeActions
612 silly doSerial global-install 0
613 silly doParallel fetch 14
614 verbose lock using /root/.npm/_locks/staging-5aea6bfce027d89f.lock for /mnt/hgfs/workspace/proj/googlesvn/repository/private/js/nodejs/learn/node_modules/.staging
615 silly doParallel extract 14
616 silly extract depd@1.1.1
617 silly extract setprototypeof@1.0.3
618 silly extract inherits@2.0.3
619 silly extract http-errors@1.6.2
620 silly extract send@0.16.2
621 silly extract serve-static@1.13.2
622 silly extract type-is@1.6.16
623 silly extract unpipe@1.0.0
624 silly extract raw-body@2.3.2
625 silly extract body-parser@1.18.2
626 silly extract finalhandler@1.1.1
627 silly extract utils-merge@1.0.1
628 silly extract vary@1.1.2
629 silly extract express@4.16.3
630 verbose unbuild node_modules/.staging/depd-fa6f465c
631 verbose unbuild node_modules/.staging/setprototypeof-a6c8c475
632 verbose unbuild node_modules/.staging/inherits-8057c8c0
633 verbose unbuild node_modules/.staging/http-errors-4231a84f
634 verbose unbuild node_modules/.staging/send-0923365c
635 verbose unbuild node_modules/.staging/serve-static-6ad06f1e
636 verbose unbuild node_modules/.staging/type-is-6ad139ab
637 verbose unbuild node_modules/.staging/unpipe-b03fdbae
638 verbose unbuild node_modules/.staging/raw-body-235dfd16
639 verbose unbuild node_modules/.staging/body-parser-144706e9
640 verbose unbuild node_modules/.staging/finalhandler-200bd354
641 verbose unbuild node_modules/.staging/utils-merge-f9dcc084
642 verbose unbuild node_modules/.staging/vary-71d00fc2
643 verbose unbuild node_modules/.staging/express-6af1e87d
644 silly gentlyRm /mnt/hgfs/workspace/proj/googlesvn/repository/private/js/nodejs/learn/node_modules/.staging/depd-fa6f465c is being purged from base /mnt/hgfs/workspace/proj/googlesvn/repository/private/js/nodejs/learn
645 verbose gentlyRm don't care about contents; nuking /mnt/hgfs/workspace/proj/googlesvn/repository/private/js/nodejs/learn/node_modules/.staging/depd-fa6f465c
646 silly gentlyRm /mnt/hgfs/workspace/proj/googlesvn/repository/private/js/nodejs/learn/node_modules/.staging/setprototypeof-a6c8c475 is being purged from base /mnt/hgfs/workspace/proj/googlesvn/repository/private/js/nodejs/learn
647 verbose gentlyRm don't care about contents; nuking /mnt/hgfs/workspace/proj/googlesvn/repository/private/js/nodejs/learn/node_modules/.staging/setprototypeof-a6c8c475
648 silly gentlyRm /mnt/hgfs/workspace/proj/googlesvn/repository/private/js/nodejs/learn/node_modules/.staging/inherits-8057c8c0 is being purged from base /mnt/hgfs/workspace/proj/googlesvn/repository/private/js/nodejs/learn
649 verbose gentlyRm don't care about contents; nuking /mnt/hgfs/workspace/proj/googlesvn/repository/private/js/nodejs/learn/node_modules/.staging/inherits-8057c8c0
650 silly gentlyRm /mnt/hgfs/workspace/proj/googlesvn/repository/private/js/nodejs/learn/node_modules/.staging/http-errors-4231a84f is being purged from base /mnt/hgfs/workspace/proj/googlesvn/repository/private/js/nodejs/learn
651 verbose gentlyRm don't care about contents; nuking /mnt/hgfs/workspace/proj/googlesvn/repository/private/js/nodejs/learn/node_modules/.staging/http-errors-4231a84f
652 silly gentlyRm /mnt/hgfs/workspace/proj/googlesvn/repository/private/js/nodejs/learn/node_modules/.staging/send-0923365c is being purged from base /mnt/hgfs/workspace/proj/googlesvn/repository/private/js/nodejs/learn
653 verbose gentlyRm don't care about contents; nuking /mnt/hgfs/workspace/proj/googlesvn/repository/private/js/nodejs/learn/node_modules/.staging/send-0923365c
654 silly gentlyRm /mnt/hgfs/workspace/proj/googlesvn/repository/private/js/nodejs/learn/node_modules/.staging/serve-static-6ad06f1e is being purged from base /mnt/hgfs/workspace/proj/googlesvn/repository/private/js/nodejs/learn
655 verbose gentlyRm don't care about contents; nuking /mnt/hgfs/workspace/proj/googlesvn/repository/private/js/nodejs/learn/node_modules/.staging/serve-static-6ad06f1e
656 silly gentlyRm /mnt/hgfs/workspace/proj/googlesvn/repository/private/js/nodejs/learn/node_modules/.staging/type-is-6ad139ab is being purged from base /mnt/hgfs/workspace/proj/googlesvn/repository/private/js/nodejs/learn
657 verbose gentlyRm don't care about contents; nuking /mnt/hgfs/workspace/proj/googlesvn/repository/private/js/nodejs/learn/node_modules/.staging/type-is-6ad139ab
658 silly gentlyRm /mnt/hgfs/workspace/proj/googlesvn/repository/private/js/nodejs/learn/node_modules/.staging/unpipe-b03fdbae is being purged from base /mnt/hgfs/workspace/proj/googlesvn/repository/private/js/nodejs/learn
659 verbose gentlyRm don't care about contents; nuking /mnt/hgfs/workspace/proj/googlesvn/repository/private/js/nodejs/learn/node_modules/.staging/unpipe-b03fdbae
660 silly gentlyRm /mnt/hgfs/workspace/proj/googlesvn/repository/private/js/nodejs/learn/node_modules/.staging/raw-body-235dfd16 is being purged from base /mnt/hgfs/workspace/proj/googlesvn/repository/private/js/nodejs/learn
661 verbose gentlyRm don't care about contents; nuking /mnt/hgfs/workspace/proj/googlesvn/repository/private/js/nodejs/learn/node_modules/.staging/raw-body-235dfd16
662 silly gentlyRm /mnt/hgfs/workspace/proj/googlesvn/repository/private/js/nodejs/learn/node_modules/.staging/body-parser-144706e9 is being purged from base /mnt/hgfs/workspace/proj/googlesvn/repository/private/js/nodejs/learn
663 verbose gentlyRm don't care about contents; nuking /mnt/hgfs/workspace/proj/googlesvn/repository/private/js/nodejs/learn/node_modules/.staging/body-parser-144706e9
664 silly gentlyRm /mnt/hgfs/workspace/proj/googlesvn/repository/private/js/nodejs/learn/node_modules/.staging/finalhandler-200bd354 is being purged from base /mnt/hgfs/workspace/proj/googlesvn/repository/private/js/nodejs/learn
665 verbose gentlyRm don't care about contents; nuking /mnt/hgfs/workspace/proj/googlesvn/repository/private/js/nodejs/learn/node_modules/.staging/finalhandler-200bd354
666 silly gentlyRm /mnt/hgfs/workspace/proj/googlesvn/repository/private/js/nodejs/learn/node_modules/.staging/utils-merge-f9dcc084 is being purged from base /mnt/hgfs/workspace/proj/googlesvn/repository/private/js/nodejs/learn
667 verbose gentlyRm don't care about contents; nuking /mnt/hgfs/workspace/proj/googlesvn/repository/private/js/nodejs/learn/node_modules/.staging/utils-merge-f9dcc084
668 silly gentlyRm /mnt/hgfs/workspace/proj/googlesvn/repository/private/js/nodejs/learn/node_modules/.staging/vary-71d00fc2 is being purged from base /mnt/hgfs/workspace/proj/googlesvn/repository/private/js/nodejs/learn
669 verbose gentlyRm don't care about contents; nuking /mnt/hgfs/workspace/proj/googlesvn/repository/private/js/nodejs/learn/node_modules/.staging/vary-71d00fc2
670 silly gentlyRm /mnt/hgfs/workspace/proj/googlesvn/repository/private/js/nodejs/learn/node_modules/.staging/express-6af1e87d is being purged from base /mnt/hgfs/workspace/proj/googlesvn/repository/private/js/nodejs/learn
671 verbose gentlyRm don't care about contents; nuking /mnt/hgfs/workspace/proj/googlesvn/repository/private/js/nodejs/learn/node_modules/.staging/express-6af1e87d
672 verbose tar unpack /root/.npm/depd/1.1.1/package.tgz
673 verbose tar unpacking to /mnt/hgfs/workspace/proj/googlesvn/repository/private/js/nodejs/learn/node_modules/.staging/depd-fa6f465c
674 silly gentlyRm /mnt/hgfs/workspace/proj/googlesvn/repository/private/js/nodejs/learn/node_modules/.staging/depd-fa6f465c is being purged
675 verbose gentlyRm don't care about contents; nuking /mnt/hgfs/workspace/proj/googlesvn/repository/private/js/nodejs/learn/node_modules/.staging/depd-fa6f465c
676 verbose tar unpack /root/.npm/setprototypeof/1.0.3/package.tgz
677 verbose tar unpacking to /mnt/hgfs/workspace/proj/googlesvn/repository/private/js/nodejs/learn/node_modules/.staging/setprototypeof-a6c8c475
678 silly gentlyRm /mnt/hgfs/workspace/proj/googlesvn/repository/private/js/nodejs/learn/node_modules/.staging/setprototypeof-a6c8c475 is being purged
679 verbose gentlyRm don't care about contents; nuking /mnt/hgfs/workspace/proj/googlesvn/repository/private/js/nodejs/learn/node_modules/.staging/setprototypeof-a6c8c475
680 verbose tar unpack /root/.npm/inherits/2.0.3/package.tgz
681 verbose tar unpacking to /mnt/hgfs/workspace/proj/googlesvn/repository/private/js/nodejs/learn/node_modules/.staging/inherits-8057c8c0
682 silly gentlyRm /mnt/hgfs/workspace/proj/googlesvn/repository/private/js/nodejs/learn/node_modules/.staging/inherits-8057c8c0 is being purged
683 verbose gentlyRm don't care about contents; nuking /mnt/hgfs/workspace/proj/googlesvn/repository/private/js/nodejs/learn/node_modules/.staging/inherits-8057c8c0
684 verbose tar unpack /root/.npm/http-errors/1.6.2/package.tgz
685 verbose tar unpacking to /mnt/hgfs/workspace/proj/googlesvn/repository/private/js/nodejs/learn/node_modules/.staging/http-errors-4231a84f
686 silly gentlyRm /mnt/hgfs/workspace/proj/googlesvn/repository/private/js/nodejs/learn/node_modules/.staging/http-errors-4231a84f is being purged
687 verbose gentlyRm don't care about contents; nuking /mnt/hgfs/workspace/proj/googlesvn/repository/private/js/nodejs/learn/node_modules/.staging/http-errors-4231a84f
688 verbose tar unpack /root/.npm/send/0.16.2/package.tgz
689 verbose tar unpacking to /mnt/hgfs/workspace/proj/googlesvn/repository/private/js/nodejs/learn/node_modules/.staging/send-0923365c
690 silly gentlyRm /mnt/hgfs/workspace/proj/googlesvn/repository/private/js/nodejs/learn/node_modules/.staging/send-0923365c is being purged
691 verbose gentlyRm don't care about contents; nuking /mnt/hgfs/workspace/proj/googlesvn/repository/private/js/nodejs/learn/node_modules/.staging/send-0923365c
692 verbose tar unpack /root/.npm/serve-static/1.13.2/package.tgz
693 verbose tar unpacking to /mnt/hgfs/workspace/proj/googlesvn/repository/private/js/nodejs/learn/node_modules/.staging/serve-static-6ad06f1e
694 silly gentlyRm /mnt/hgfs/workspace/proj/googlesvn/repository/private/js/nodejs/learn/node_modules/.staging/serve-static-6ad06f1e is being purged
695 verbose gentlyRm don't care about contents; nuking /mnt/hgfs/workspace/proj/googlesvn/repository/private/js/nodejs/learn/node_modules/.staging/serve-static-6ad06f1e
696 verbose tar unpack /root/.npm/type-is/1.6.16/package.tgz
697 verbose tar unpacking to /mnt/hgfs/workspace/proj/googlesvn/repository/private/js/nodejs/learn/node_modules/.staging/type-is-6ad139ab
698 silly gentlyRm /mnt/hgfs/workspace/proj/googlesvn/repository/private/js/nodejs/learn/node_modules/.staging/type-is-6ad139ab is being purged
699 verbose gentlyRm don't care about contents; nuking /mnt/hgfs/workspace/proj/googlesvn/repository/private/js/nodejs/learn/node_modules/.staging/type-is-6ad139ab
700 verbose tar unpack /root/.npm/unpipe/1.0.0/package.tgz
701 verbose tar unpacking to /mnt/hgfs/workspace/proj/googlesvn/repository/private/js/nodejs/learn/node_modules/.staging/unpipe-b03fdbae
702 silly gentlyRm /mnt/hgfs/workspace/proj/googlesvn/repository/private/js/nodejs/learn/node_modules/.staging/unpipe-b03fdbae is being purged
703 verbose gentlyRm don't care about contents; nuking /mnt/hgfs/workspace/proj/googlesvn/repository/private/js/nodejs/learn/node_modules/.staging/unpipe-b03fdbae
704 verbose tar unpack /root/.npm/raw-body/2.3.2/package.tgz
705 verbose tar unpacking to /mnt/hgfs/workspace/proj/googlesvn/repository/private/js/nodejs/learn/node_modules/.staging/raw-body-235dfd16
706 silly gentlyRm /mnt/hgfs/workspace/proj/googlesvn/repository/private/js/nodejs/learn/node_modules/.staging/raw-body-235dfd16 is being purged
707 verbose gentlyRm don't care about contents; nuking /mnt/hgfs/workspace/proj/googlesvn/repository/private/js/nodejs/learn/node_modules/.staging/raw-body-235dfd16
708 verbose tar unpack /root/.npm/body-parser/1.18.2/package.tgz
709 verbose tar unpacking to /mnt/hgfs/workspace/proj/googlesvn/repository/private/js/nodejs/learn/node_modules/.staging/body-parser-144706e9
710 silly gentlyRm /mnt/hgfs/workspace/proj/googlesvn/repository/private/js/nodejs/learn/node_modules/.staging/body-parser-144706e9 is being purged
711 verbose gentlyRm don't care about contents; nuking /mnt/hgfs/workspace/proj/googlesvn/repository/private/js/nodejs/learn/node_modules/.staging/body-parser-144706e9
712 verbose tar unpack /root/.npm/finalhandler/1.1.1/package.tgz
713 verbose tar unpacking to /mnt/hgfs/workspace/proj/googlesvn/repository/private/js/nodejs/learn/node_modules/.staging/finalhandler-200bd354
714 silly gentlyRm /mnt/hgfs/workspace/proj/googlesvn/repository/private/js/nodejs/learn/node_modules/.staging/finalhandler-200bd354 is being purged
715 verbose gentlyRm don't care about contents; nuking /mnt/hgfs/workspace/proj/googlesvn/repository/private/js/nodejs/learn/node_modules/.staging/finalhandler-200bd354
716 verbose tar unpack /root/.npm/utils-merge/1.0.1/package.tgz
717 verbose tar unpacking to /mnt/hgfs/workspace/proj/googlesvn/repository/private/js/nodejs/learn/node_modules/.staging/utils-merge-f9dcc084
718 silly gentlyRm /mnt/hgfs/workspace/proj/googlesvn/repository/private/js/nodejs/learn/node_modules/.staging/utils-merge-f9dcc084 is being purged
719 verbose gentlyRm don't care about contents; nuking /mnt/hgfs/workspace/proj/googlesvn/repository/private/js/nodejs/learn/node_modules/.staging/utils-merge-f9dcc084
720 verbose tar unpack /root/.npm/vary/1.1.2/package.tgz
721 verbose tar unpacking to /mnt/hgfs/workspace/proj/googlesvn/repository/private/js/nodejs/learn/node_modules/.staging/vary-71d00fc2
722 silly gentlyRm /mnt/hgfs/workspace/proj/googlesvn/repository/private/js/nodejs/learn/node_modules/.staging/vary-71d00fc2 is being purged
723 verbose gentlyRm don't care about contents; nuking /mnt/hgfs/workspace/proj/googlesvn/repository/private/js/nodejs/learn/node_modules/.staging/vary-71d00fc2
724 verbose tar unpack /root/.npm/express/4.16.3/package.tgz
725 verbose tar unpacking to /mnt/hgfs/workspace/proj/googlesvn/repository/private/js/nodejs/learn/node_modules/.staging/express-6af1e87d
726 silly gentlyRm /mnt/hgfs/workspace/proj/googlesvn/repository/private/js/nodejs/learn/node_modules/.staging/express-6af1e87d is being purged
727 verbose gentlyRm don't care about contents; nuking /mnt/hgfs/workspace/proj/googlesvn/repository/private/js/nodejs/learn/node_modules/.staging/express-6af1e87d
728 silly gunzTarPerm modes [ '750', '640' ]
729 silly gunzTarPerm modes [ '750', '640' ]
730 silly gunzTarPerm modes [ '750', '640' ]
731 silly gunzTarPerm modes [ '750', '640' ]
732 silly gunzTarPerm modes [ '750', '640' ]
733 silly gunzTarPerm modes [ '750', '640' ]
734 silly gunzTarPerm modes [ '750', '640' ]
735 silly gunzTarPerm modes [ '750', '640' ]
736 silly gunzTarPerm modes [ '750', '640' ]
737 silly gunzTarPerm modes [ '750', '640' ]
738 silly gunzTarPerm modes [ '750', '640' ]
739 silly gunzTarPerm modes [ '750', '640' ]
740 silly gunzTarPerm modes [ '750', '640' ]
741 silly gunzTarPerm modes [ '750', '640' ]
742 silly gunzTarPerm extractEntry package.json
743 silly gunzTarPerm modified mode [ 'package.json', 438, 416 ]
744 silly gunzTarPerm extractEntry package.json
745 silly gunzTarPerm modified mode [ 'package.json', 420, 416 ]
746 silly gunzTarPerm extractEntry package.json
747 silly gunzTarPerm modified mode [ 'package.json', 420, 416 ]
748 silly gunzTarPerm extractEntry package.json
749 silly gunzTarPerm modified mode [ 'package.json', 438, 416 ]
750 silly gunzTarPerm extractEntry package.json
751 silly gunzTarPerm modified mode [ 'package.json', 438, 416 ]
752 silly gunzTarPerm extractEntry package.json
753 silly gunzTarPerm modified mode [ 'package.json', 438, 416 ]
754 silly gunzTarPerm extractEntry package.json
755 silly gunzTarPerm modified mode [ 'package.json', 438, 416 ]
756 silly gunzTarPerm extractEntry package.json
757 silly gunzTarPerm modified mode [ 'package.json', 420, 416 ]
758 silly gunzTarPerm extractEntry package.json
759 silly gunzTarPerm modified mode [ 'package.json', 420, 416 ]
760 silly gunzTarPerm extractEntry package.json
761 silly gunzTarPerm modified mode [ 'package.json', 438, 416 ]
762 silly gunzTarPerm extractEntry package.json
763 silly gunzTarPerm modified mode [ 'package.json', 420, 416 ]
764 silly gunzTarPerm extractEntry package.json
765 silly gunzTarPerm modified mode [ 'package.json', 420, 416 ]
766 silly gunzTarPerm extractEntry package.json
767 silly gunzTarPerm modified mode [ 'package.json', 420, 416 ]
768 silly gunzTarPerm extractEntry package.json
769 silly gunzTarPerm modified mode [ 'package.json', 420, 416 ]
770 silly gunzTarPerm extractEntry LICENSE
771 silly gunzTarPerm modified mode [ 'LICENSE', 438, 416 ]
772 silly gunzTarPerm extractEntry index.js
773 silly gunzTarPerm modified mode [ 'index.js', 438, 416 ]
774 silly gunzTarPerm extractEntry README.md
775 silly gunzTarPerm modified mode [ 'README.md', 420, 416 ]
776 silly gunzTarPerm extractEntry LICENSE
777 silly gunzTarPerm modified mode [ 'LICENSE', 420, 416 ]
778 silly gunzTarPerm extractEntry README.md
779 silly gunzTarPerm modified mode [ 'README.md', 438, 416 ]
780 silly gunzTarPerm extractEntry LICENSE
781 silly gunzTarPerm modified mode [ 'LICENSE', 438, 416 ]
782 silly gunzTarPerm extractEntry README.md
783 silly gunzTarPerm modified mode [ 'README.md', 420, 416 ]
784 silly gunzTarPerm extractEntry LICENSE
785 silly gunzTarPerm modified mode [ 'LICENSE', 420, 416 ]
786 silly gunzTarPerm extractEntry README.md
787 silly gunzTarPerm modified mode [ 'README.md', 438, 416 ]
788 silly gunzTarPerm extractEntry LICENSE
789 silly gunzTarPerm modified mode [ 'LICENSE', 438, 416 ]
790 silly gunzTarPerm extractEntry HISTORY.md
791 silly gunzTarPerm modified mode [ 'HISTORY.md', 420, 416 ]
792 silly gunzTarPerm extractEntry index.js
793 silly gunzTarPerm modified mode [ 'index.js', 420, 416 ]
794 silly gunzTarPerm extractEntry README.md
795 silly gunzTarPerm modified mode [ 'README.md', 438, 416 ]
796 silly gunzTarPerm extractEntry LICENSE
797 silly gunzTarPerm modified mode [ 'LICENSE', 438, 416 ]
798 silly gunzTarPerm extractEntry .npmignore
799 silly gunzTarPerm modified mode [ '.npmignore', 420, 416 ]
800 silly gunzTarPerm extractEntry README.md
801 silly gunzTarPerm modified mode [ 'README.md', 420, 416 ]
802 silly gunzTarPerm extractEntry README.md
803 silly gunzTarPerm modified mode [ 'README.md', 438, 416 ]
804 silly gunzTarPerm extractEntry LICENSE
805 silly gunzTarPerm modified mode [ 'LICENSE', 438, 416 ]
806 silly gunzTarPerm extractEntry index.js
807 silly gunzTarPerm modified mode [ 'index.js', 438, 416 ]
808 silly gunzTarPerm extractEntry HISTORY.md
809 silly gunzTarPerm modified mode [ 'HISTORY.md', 438, 416 ]
810 silly gunzTarPerm extractEntry lib/read.js
811 silly gunzTarPerm modified mode [ 'lib/read.js', 438, 416 ]
812 silly gunzTarPerm extractEntry lib/types/json.js
813 silly gunzTarPerm modified mode [ 'lib/types/json.js', 438, 416 ]
814 silly gunzTarPerm extractEntry lib/types/raw.js
815 silly gunzTarPerm modified mode [ 'lib/types/raw.js', 438, 416 ]
816 silly gunzTarPerm extractEntry lib/types/text.js
817 silly gunzTarPerm modified mode [ 'lib/types/text.js', 438, 416 ]
818 silly gunzTarPerm extractEntry lib/types/urlencoded.js
819 silly gunzTarPerm modified mode [ 'lib/types/urlencoded.js', 438, 416 ]
820 silly gunzTarPerm extractEntry LICENSE
821 silly gunzTarPerm modified mode [ 'LICENSE', 420, 416 ]
822 silly gunzTarPerm extractEntry README.md
823 silly gunzTarPerm modified mode [ 'README.md', 438, 416 ]
824 silly gunzTarPerm extractEntry LICENSE
825 silly gunzTarPerm modified mode [ 'LICENSE', 438, 416 ]
826 silly gunzTarPerm extractEntry HISTORY.md
827 silly gunzTarPerm modified mode [ 'HISTORY.md', 420, 416 ]
828 silly gunzTarPerm extractEntry index.js
829 silly gunzTarPerm modified mode [ 'index.js', 420, 416 ]
830 silly gunzTarPerm extractEntry HISTORY.md
831 silly gunzTarPerm modified mode [ 'HISTORY.md', 420, 416 ]
832 silly gunzTarPerm extractEntry index.js
833 silly gunzTarPerm modified mode [ 'index.js', 420, 416 ]
834 silly gunzTarPerm extractEntry HISTORY.md
835 silly gunzTarPerm modified mode [ 'HISTORY.md', 420, 416 ]
836 silly gunzTarPerm extractEntry index.js
837 silly gunzTarPerm modified mode [ 'index.js', 420, 416 ]
838 silly gunzTarPerm extractEntry index.js
839 silly gunzTarPerm modified mode [ 'index.js', 420, 416 ]
840 silly gunzTarPerm extractEntry index.js
841 silly gunzTarPerm modified mode [ 'index.js', 438, 416 ]
842 silly gunzTarPerm extractEntry HISTORY.md
843 silly gunzTarPerm modified mode [ 'HISTORY.md', 438, 416 ]
844 silly gunzTarPerm extractEntry inherits.js
845 silly gunzTarPerm modified mode [ 'inherits.js', 420, 416 ]
846 silly gunzTarPerm extractEntry inherits_browser.js
847 silly gunzTarPerm modified mode [ 'inherits_browser.js', 420, 416 ]
848 silly gunzTarPerm extractEntry History.md
849 silly gunzTarPerm modified mode [ 'History.md', 438, 416 ]
850 silly gunzTarPerm extractEntry Readme.md
851 silly gunzTarPerm modified mode [ 'Readme.md', 438, 416 ]
852 silly gunzTarPerm extractEntry lib/browser/index.js
853 silly gunzTarPerm modified mode [ 'lib/browser/index.js', 438, 416 ]
854 silly gunzTarPerm extractEntry lib/compat/callsite-tostring.js
855 silly gunzTarPerm modified mode [ 'lib/compat/callsite-tostring.js', 438, 416 ]
856 silly gunzTarPerm extractEntry lib/compat/event-listener-count.js
857 silly gunzTarPerm modified mode [ 'lib/compat/event-listener-count.js', 438, 416 ]
858 silly gunzTarPerm extractEntry lib/compat/index.js
859 silly gunzTarPerm modified mode [ 'lib/compat/index.js', 438, 416 ]
860 silly gunzTarPerm extractEntry index.js
861 silly gunzTarPerm modified mode [ 'index.js', 438, 416 ]
862 silly gunzTarPerm extractEntry HISTORY.md
863 silly gunzTarPerm modified mode [ 'HISTORY.md', 438, 416 ]
864 silly gunzTarPerm extractEntry LICENSE
865 silly gunzTarPerm modified mode [ 'LICENSE', 420, 416 ]
866 silly gunzTarPerm extractEntry README.md
867 silly gunzTarPerm modified mode [ 'README.md', 420, 416 ]
868 silly gunzTarPerm extractEntry index.js
869 silly gunzTarPerm modified mode [ 'index.js', 420, 416 ]
870 silly gunzTarPerm extractEntry index.js
871 silly gunzTarPerm modified mode [ 'index.js', 438, 416 ]
872 silly gunzTarPerm extractEntry HISTORY.md
873 silly gunzTarPerm modified mode [ 'HISTORY.md', 438, 416 ]
874 silly gunzTarPerm extractEntry index.d.ts
875 silly gunzTarPerm modified mode [ 'index.d.ts', 438, 416 ]
876 silly gunzTarPerm extractEntry LICENSE
877 silly gunzTarPerm modified mode [ 'LICENSE', 420, 416 ]
878 silly gunzTarPerm extractEntry index.js
879 silly gunzTarPerm modified mode [ 'index.js', 420, 416 ]
880 silly gunzTarPerm extractEntry Readme.md
881 silly gunzTarPerm modified mode [ 'Readme.md', 420, 416 ]
882 silly gunzTarPerm extractEntry History.md
883 silly gunzTarPerm modified mode [ 'History.md', 420, 416 ]
884 silly gunzTarPerm extractEntry index.js
885 silly gunzTarPerm modified mode [ 'index.js', 438, 416 ]
886 silly gunzTarPerm extractEntry HISTORY.md
887 silly gunzTarPerm modified mode [ 'HISTORY.md', 438, 416 ]
888 silly gunzTarPerm extractEntry LICENSE
889 silly gunzTarPerm modified mode [ 'LICENSE', 420, 416 ]
890 silly gunzTarPerm extractEntry LICENSE
891 silly gunzTarPerm modified mode [ 'LICENSE', 420, 416 ]
892 silly gunzTarPerm extractEntry LICENSE
893 silly gunzTarPerm modified mode [ 'LICENSE', 420, 416 ]
894 silly gunzTarPerm extractEntry README.md
895 silly gunzTarPerm modified mode [ 'README.md', 420, 416 ]
896 silly gunzTarPerm extractEntry README.md
897 silly gunzTarPerm modified mode [ 'README.md', 420, 416 ]
898 silly gunzTarPerm extractEntry lib/application.js
899 silly gunzTarPerm modified mode [ 'lib/application.js', 420, 416 ]
900 silly gunzTarPerm extractEntry lib/express.js
901 silly gunzTarPerm modified mode [ 'lib/express.js', 420, 416 ]
902 silly gunzTarPerm extractEntry lib/request.js
903 silly gunzTarPerm modified mode [ 'lib/request.js', 420, 416 ]
904 silly gunzTarPerm extractEntry lib/response.js
905 silly gunzTarPerm modified mode [ 'lib/response.js', 420, 416 ]
906 silly gunzTarPerm extractEntry lib/utils.js
907 silly gunzTarPerm modified mode [ 'lib/utils.js', 420, 416 ]
908 silly gunzTarPerm extractEntry lib/view.js
909 silly gunzTarPerm modified mode [ 'lib/view.js', 420, 416 ]
910 silly gunzTarPerm extractEntry lib/middleware/init.js
911 silly gunzTarPerm modified mode [ 'lib/middleware/init.js', 420, 416 ]
912 silly gunzTarPerm extractEntry lib/middleware/query.js
913 silly gunzTarPerm modified mode [ 'lib/middleware/query.js', 420, 416 ]
914 silly gunzTarPerm extractEntry lib/router/index.js
915 silly gunzTarPerm modified mode [ 'lib/router/index.js', 420, 416 ]
916 silly gunzTarPerm extractEntry lib/router/layer.js
917 silly gunzTarPerm modified mode [ 'lib/router/layer.js', 420, 416 ]
918 silly gunzTarPerm extractEntry lib/router/route.js
919 silly gunzTarPerm modified mode [ 'lib/router/route.js', 420, 416 ]
920 silly gunzTarPerm extractEntry README.md
921 silly gunzTarPerm modified mode [ 'README.md', 420, 416 ]
922 silly gentlyRm /mnt/hgfs/workspace/proj/googlesvn/repository/private/js/nodejs/learn/node_modules/.staging/setprototypeof-a6c8c475/node_modules is being purged
923 verbose gentlyRm don't care about contents; nuking /mnt/hgfs/workspace/proj/googlesvn/repository/private/js/nodejs/learn/node_modules/.staging/setprototypeof-a6c8c475/node_modules
924 silly gentlyRm /mnt/hgfs/workspace/proj/googlesvn/repository/private/js/nodejs/learn/node_modules/.staging/utils-merge-f9dcc084/node_modules is being purged
925 verbose gentlyRm don't care about contents; nuking /mnt/hgfs/workspace/proj/googlesvn/repository/private/js/nodejs/learn/node_modules/.staging/utils-merge-f9dcc084/node_modules
926 silly gentlyRm /mnt/hgfs/workspace/proj/googlesvn/repository/private/js/nodejs/learn/node_modules/.staging/inherits-8057c8c0/node_modules is being purged
927 verbose gentlyRm don't care about contents; nuking /mnt/hgfs/workspace/proj/googlesvn/repository/private/js/nodejs/learn/node_modules/.staging/inherits-8057c8c0/node_modules
928 silly gentlyRm /mnt/hgfs/workspace/proj/googlesvn/repository/private/js/nodejs/learn/node_modules/.staging/http-errors-4231a84f/node_modules is being purged
929 verbose gentlyRm don't care about contents; nuking /mnt/hgfs/workspace/proj/googlesvn/repository/private/js/nodejs/learn/node_modules/.staging/http-errors-4231a84f/node_modules
930 silly gentlyRm /mnt/hgfs/workspace/proj/googlesvn/repository/private/js/nodejs/learn/node_modules/.staging/unpipe-b03fdbae/node_modules is being purged
931 verbose gentlyRm don't care about contents; nuking /mnt/hgfs/workspace/proj/googlesvn/repository/private/js/nodejs/learn/node_modules/.staging/unpipe-b03fdbae/node_modules
932 silly gentlyRm /mnt/hgfs/workspace/proj/googlesvn/repository/private/js/nodejs/learn/node_modules/.staging/vary-71d00fc2/node_modules is being purged
933 verbose gentlyRm don't care about contents; nuking /mnt/hgfs/workspace/proj/googlesvn/repository/private/js/nodejs/learn/node_modules/.staging/vary-71d00fc2/node_modules
934 silly gentlyRm /mnt/hgfs/workspace/proj/googlesvn/repository/private/js/nodejs/learn/node_modules/.staging/type-is-6ad139ab/node_modules is being purged
935 verbose gentlyRm don't care about contents; nuking /mnt/hgfs/workspace/proj/googlesvn/repository/private/js/nodejs/learn/node_modules/.staging/type-is-6ad139ab/node_modules
936 silly gentlyRm /mnt/hgfs/workspace/proj/googlesvn/repository/private/js/nodejs/learn/node_modules/.staging/finalhandler-200bd354/node_modules is being purged
937 verbose gentlyRm don't care about contents; nuking /mnt/hgfs/workspace/proj/googlesvn/repository/private/js/nodejs/learn/node_modules/.staging/finalhandler-200bd354/node_modules
938 silly gentlyRm /mnt/hgfs/workspace/proj/googlesvn/repository/private/js/nodejs/learn/node_modules/.staging/serve-static-6ad06f1e/node_modules is being purged
939 verbose gentlyRm don't care about contents; nuking /mnt/hgfs/workspace/proj/googlesvn/repository/private/js/nodejs/learn/node_modules/.staging/serve-static-6ad06f1e/node_modules
940 silly gentlyRm /mnt/hgfs/workspace/proj/googlesvn/repository/private/js/nodejs/learn/node_modules/.staging/raw-body-235dfd16/node_modules is being purged
941 verbose gentlyRm don't care about contents; nuking /mnt/hgfs/workspace/proj/googlesvn/repository/private/js/nodejs/learn/node_modules/.staging/raw-body-235dfd16/node_modules
942 silly gentlyRm /mnt/hgfs/workspace/proj/googlesvn/repository/private/js/nodejs/learn/node_modules/.staging/send-0923365c/node_modules is being purged
943 verbose gentlyRm don't care about contents; nuking /mnt/hgfs/workspace/proj/googlesvn/repository/private/js/nodejs/learn/node_modules/.staging/send-0923365c/node_modules
944 silly gentlyRm /mnt/hgfs/workspace/proj/googlesvn/repository/private/js/nodejs/learn/node_modules/.staging/depd-fa6f465c/node_modules is being purged
945 verbose gentlyRm don't care about contents; nuking /mnt/hgfs/workspace/proj/googlesvn/repository/private/js/nodejs/learn/node_modules/.staging/depd-fa6f465c/node_modules
946 silly gentlyRm /mnt/hgfs/workspace/proj/googlesvn/repository/private/js/nodejs/learn/node_modules/.staging/body-parser-144706e9/node_modules is being purged
947 verbose gentlyRm don't care about contents; nuking /mnt/hgfs/workspace/proj/googlesvn/repository/private/js/nodejs/learn/node_modules/.staging/body-parser-144706e9/node_modules
948 silly gentlyRm /mnt/hgfs/workspace/proj/googlesvn/repository/private/js/nodejs/learn/node_modules/.staging/express-6af1e87d/node_modules is being purged
949 verbose gentlyRm don't care about contents; nuking /mnt/hgfs/workspace/proj/googlesvn/repository/private/js/nodejs/learn/node_modules/.staging/express-6af1e87d/node_modules
950 silly doParallel preinstall 14
951 silly preinstall depd@1.1.1 /mnt/hgfs/workspace/proj/googlesvn/repository/private/js/nodejs/learn/node_modules/.staging/depd-fa6f465c
952 info lifecycle depd@1.1.1~preinstall: depd@1.1.1
953 silly preinstall setprototypeof@1.0.3 /mnt/hgfs/workspace/proj/googlesvn/repository/private/js/nodejs/learn/node_modules/.staging/setprototypeof-a6c8c475
954 info lifecycle setprototypeof@1.0.3~preinstall: setprototypeof@1.0.3
955 silly preinstall inherits@2.0.3 /mnt/hgfs/workspace/proj/googlesvn/repository/private/js/nodejs/learn/node_modules/.staging/inherits-8057c8c0
956 info lifecycle inherits@2.0.3~preinstall: inherits@2.0.3
957 silly preinstall http-errors@1.6.2 /mnt/hgfs/workspace/proj/googlesvn/repository/private/js/nodejs/learn/node_modules/.staging/http-errors-4231a84f
958 info lifecycle http-errors@1.6.2~preinstall: http-errors@1.6.2
959 silly preinstall send@0.16.2 /mnt/hgfs/workspace/proj/googlesvn/repository/private/js/nodejs/learn/node_modules/.staging/send-0923365c
960 info lifecycle send@0.16.2~preinstall: send@0.16.2
961 silly preinstall serve-static@1.13.2 /mnt/hgfs/workspace/proj/googlesvn/repository/private/js/nodejs/learn/node_modules/.staging/serve-static-6ad06f1e
962 info lifecycle serve-static@1.13.2~preinstall: serve-static@1.13.2
963 silly preinstall type-is@1.6.16 /mnt/hgfs/workspace/proj/googlesvn/repository/private/js/nodejs/learn/node_modules/.staging/type-is-6ad139ab
964 info lifecycle type-is@1.6.16~preinstall: type-is@1.6.16
965 silly preinstall unpipe@1.0.0 /mnt/hgfs/workspace/proj/googlesvn/repository/private/js/nodejs/learn/node_modules/.staging/unpipe-b03fdbae
966 info lifecycle unpipe@1.0.0~preinstall: unpipe@1.0.0
967 silly preinstall raw-body@2.3.2 /mnt/hgfs/workspace/proj/googlesvn/repository/private/js/nodejs/learn/node_modules/.staging/raw-body-235dfd16
968 info lifecycle raw-body@2.3.2~preinstall: raw-body@2.3.2
969 silly preinstall body-parser@1.18.2 /mnt/hgfs/workspace/proj/googlesvn/repository/private/js/nodejs/learn/node_modules/.staging/body-parser-144706e9
970 info lifecycle body-parser@1.18.2~preinstall: body-parser@1.18.2
971 silly preinstall finalhandler@1.1.1 /mnt/hgfs/workspace/proj/googlesvn/repository/private/js/nodejs/learn/node_modules/.staging/finalhandler-200bd354
972 info lifecycle finalhandler@1.1.1~preinstall: finalhandler@1.1.1
973 silly preinstall utils-merge@1.0.1 /mnt/hgfs/workspace/proj/googlesvn/repository/private/js/nodejs/learn/node_modules/.staging/utils-merge-f9dcc084
974 info lifecycle utils-merge@1.0.1~preinstall: utils-merge@1.0.1
975 silly preinstall vary@1.1.2 /mnt/hgfs/workspace/proj/googlesvn/repository/private/js/nodejs/learn/node_modules/.staging/vary-71d00fc2
976 info lifecycle vary@1.1.2~preinstall: vary@1.1.2
977 silly preinstall express@4.16.3 /mnt/hgfs/workspace/proj/googlesvn/repository/private/js/nodejs/learn/node_modules/.staging/express-6af1e87d
978 info lifecycle express@4.16.3~preinstall: express@4.16.3
979 silly lifecycle depd@1.1.1~preinstall: no script for preinstall, continuing
980 silly lifecycle setprototypeof@1.0.3~preinstall: no script for preinstall, continuing
981 silly lifecycle inherits@2.0.3~preinstall: no script for preinstall, continuing
982 silly lifecycle http-errors@1.6.2~preinstall: no script for preinstall, continuing
983 silly lifecycle send@0.16.2~preinstall: no script for preinstall, continuing
984 silly lifecycle serve-static@1.13.2~preinstall: no script for preinstall, continuing
985 silly lifecycle type-is@1.6.16~preinstall: no script for preinstall, continuing
986 silly lifecycle unpipe@1.0.0~preinstall: no script for preinstall, continuing
987 silly lifecycle raw-body@2.3.2~preinstall: no script for preinstall, continuing
988 silly lifecycle body-parser@1.18.2~preinstall: no script for preinstall, continuing
989 silly lifecycle finalhandler@1.1.1~preinstall: no script for preinstall, continuing
990 silly lifecycle utils-merge@1.0.1~preinstall: no script for preinstall, continuing
991 silly lifecycle vary@1.1.2~preinstall: no script for preinstall, continuing
992 silly lifecycle express@4.16.3~preinstall: no script for preinstall, continuing
993 silly doReverseSerial remove 0
994 silly doSerial move 0
995 silly doSerial finalize 14
996 silly finalize /mnt/hgfs/workspace/proj/googlesvn/repository/private/js/nodejs/learn/node_modules/http-errors/node_modules/depd
997 silly finalize /mnt/hgfs/workspace/proj/googlesvn/repository/private/js/nodejs/learn/node_modules/http-errors/node_modules/setprototypeof
998 silly finalize /mnt/hgfs/workspace/proj/googlesvn/repository/private/js/nodejs/learn/node_modules/inherits
999 silly finalize /mnt/hgfs/workspace/proj/googlesvn/repository/private/js/nodejs/learn/node_modules/http-errors
1000 verbose unlock done using /root/.npm/_locks/staging-5aea6bfce027d89f.lock for /mnt/hgfs/workspace/proj/googlesvn/repository/private/js/nodejs/learn/node_modules/.staging
1001 silly rollbackFailedOptional Starting
1002 silly rollbackFailedOptional Finishing
1003 silly runTopLevelLifecycles Starting
1004 silly runTopLevelLifecycles Finishing
1005 silly install printInstalled
1006 warn Failed to parse json
1006 warn Unexpected token ',' at 3:2
1006 warn },
1006 warn  ^
1007 warn File: /mnt/hgfs/workspace/proj/googlesvn/repository/private/js/nodejs/learn/package.json
1008 warn learn No description
1009 warn learn No repository field.
1010 warn learn No README data
1011 warn learn No license field.
1012 verbose stack Error: EACCES: permission denied, rename '/mnt/hgfs/workspace/proj/googlesvn/repository/private/js/nodejs/learn/node_modules/http-errors' -> '/mnt/hgfs/workspace/proj/googlesvn/repository/private/js/nodejs/learn/node_modules/.http-errors.DELETE'
1012 verbose stack     at moveAway (/usr/share/npm/lib/install/action/finalize.js:38:5)
1012 verbose stack     at destStatted (/usr/share/npm/lib/install/action/finalize.js:27:7)
1012 verbose stack     at FSReqWrap.oncomplete (fs.js:123:15)
1012 verbose stack
1012 verbose stack Error: EACCES: permission denied, rename '/mnt/hgfs/workspace/proj/googlesvn/repository/private/js/nodejs/learn/node_modules/http-errors' -> '/mnt/hgfs/workspace/proj/googlesvn/repository/private/js/nodejs/learn/node_modules/.http-errors.DELETE'
1012 verbose stack     at Error (native)
1013 verbose cwd /mnt/hgfs/workspace/proj/googlesvn/repository/private/js/nodejs/learn
1014 error Linux 4.13.0-25-generic
1015 error argv "/usr/bin/node" "/usr/bin/npm" "i" "express"
1016 error node v6.11.4
1017 error npm  v3.5.2
1018 error path /mnt/hgfs/workspace/proj/googlesvn/repository/private/js/nodejs/learn/node_modules/http-errors
1019 error code EACCES
1020 error errno -13
1021 error syscall rename
1022 error Error: EACCES: permission denied, rename '/mnt/hgfs/workspace/proj/googlesvn/repository/private/js/nodejs/learn/node_modules/http-errors' -> '/mnt/hgfs/workspace/proj/googlesvn/repository/private/js/nodejs/learn/node_modules/.http-errors.DELETE'
1022 error     at moveAway (/usr/share/npm/lib/install/action/finalize.js:38:5)
1022 error     at destStatted (/usr/share/npm/lib/install/action/finalize.js:27:7)
1022 error     at FSReqWrap.oncomplete (fs.js:123:15)
1022 error
1022 error Error: EACCES: permission denied, rename '/mnt/hgfs/workspace/proj/googlesvn/repository/private/js/nodejs/learn/node_modules/http-errors' -> '/mnt/hgfs/workspace/proj/googlesvn/repository/private/js/nodejs/learn/node_modules/.http-errors.DELETE'
1022 error     at Error (native)
1022 error  Error: EACCES: permission denied, rename '/mnt/hgfs/workspace/proj/googlesvn/repository/private/js/nodejs/learn/node_modules/http-errors' -> '/mnt/hgfs/workspace/proj/googlesvn/repository/private/js/nodejs/learn/node_modules/.http-errors.DELETE'
1022 error     at moveAway (/usr/share/npm/lib/install/action/finalize.js:38:5)
1022 error     at destStatted (/usr/share/npm/lib/install/action/finalize.js:27:7)
1022 error     at FSReqWrap.oncomplete (fs.js:123:15)
1022 error
1022 error Error: EACCES: permission denied, rename '/mnt/hgfs/workspace/proj/googlesvn/repository/private/js/nodejs/learn/node_modules/http-errors' -> '/mnt/hgfs/workspace/proj/googlesvn/repository/private/js/nodejs/learn/node_modules/.http-errors.DELETE'
1022 error     at Error (native)
1023 error Please try running this command again as root/Administrator.
1024 verbose exit [ -13, true ]
